#
# A fatal error has been detected by the Java Runtime Environment:
#
#  Internal Error (jvmciRuntime.cpp:1609), pid=51, tid=69
#  fatal error: Fatal exception in JVMCI: Error calling jdk.vm.ci.services.Services.serializeSavedProperties
#
# JRE version: OpenJDK Runtime Environment GraalVM CE 22.3.0 (17.0.5+8) (build 17.0.5+8-jvmci-22.3-b08)
# Java VM: OpenJDK 64-Bit Server VM GraalVM CE 22.3.0 (17.0.5+8-jvmci-22.3-b08, mixed mode, sharing, tiered, jvmci, jvmci compiler, compressed oops, compressed class ptrs, parallel gc, linux-amd64)
# Problematic frame:
# V  [libjvm.so+0x972714]  JVMCIRuntime::fatal_exception(JVMCIEnv*, char const*)+0x74
#
# Core dump will be written. Default location: Core dumps may be processed with "/usr/share/apport/apport -p%p -s%s -c%c -d%d -P%P -u%u -g%g -- %E" (or dumping to /home/runner/tablmnozenia/core.51)
#
# If you would like to submit a bug report, please visit:
#   https://github.com/oracle/graal/issues
#

---------------  S U M M A R Y ------------

Command Line: -XX:ThreadPriorityPolicy=1 -XX:+UnlockExperimentalVMOptions -XX:+EnableJVMCIProduct -XX:JVMCIThreadsPerNativeLibraryRuntime=1 -XX:-UnlockExperimentalVMOptions -Declipse.application=org.eclipse.jdt.ls.core.id1 -Dosgi.bundles.defaultStartLevel=4 -Declipse.product=org.eclipse.jdt.ls.core.product -Dlog.level=ALL -Xverify:none -XX:+UseParallelGC -XX:GCTimeRatio=4 -XX:AdaptiveSizePolicyWeight=90 -Dsun.zip.disableMemoryMapping=true -Xmx512m -Xms100m /nix/store/m6gcpi1ii6rghy04cjwjddcavv7i90df-jdt-language-server-1.9.0/share/java/plugins/org.eclipse.equinox.launcher_1.6.400.v20210924-0641.jar --add-modules=ALL-SYSTEM --add-opens java.base/java.util=ALL-UNNAMED --add-opens java.base/java.lang=ALL-UNNAMED -configuration /home/runner/.cache/jdt-language-server/config -data /home/runner/.cache/jdt-language-server/data/home/runner/tablmnozenia

Host: AMD EPYC 7B12, 8 cores, 1G, Ubuntu 20.04.2 LTS
Time: Wed Mar 29 12:56:49 2023 UTC elapsed time: 634.249616 seconds (0d 0h 10m 34s)

---------------  T H R E A D  ---------------

Current thread (0x00007f7b640b21e0):  JavaThread "JVMCI-native CompilerThread0" daemon [_thread_in_vm, id=69, stack(0x00007f7b48d18000,0x00007f7b48f18000)]


Current CompileTask:
JVMCI-native: 634249 9530       4       java.lang.Thread::interrupted (23 bytes)

Stack: [0x00007f7b48d18000,0x00007f7b48f18000],  sp=0x00007f7b48f16380,  free space=2040k
Native frames: (J=compiled Java code, j=interpreted, Vv=VM code, C=native code)
V  [libjvm.so+0x972714]  JVMCIRuntime::fatal_exception(JVMCIEnv*, char const*)+0x74
V  [libjvm.so+0x93e2fe]  JVMCIEnv::copy_saved_properties()+0x14e
V  [libjvm.so+0x9732a9]  JVMCIRuntime::initialize(JVMCIEnv*)+0xb19
V  [libjvm.so+0x9738a2]  JVMCIRuntime::get_HotSpotJVMCIRuntime(JVMCIEnv*)+0x12
V  [libjvm.so+0x9749f2]  JVMCIRuntime::compile_method(JVMCIEnv*, JVMCICompiler*, methodHandle const&, int)+0xd2
V  [libjvm.so+0x5b0d20]  CompileBroker::invoke_compiler_on_method(CompileTask*)+0x1470
V  [libjvm.so+0x5b12e8]  CompileBroker::compiler_thread_loop()+0x528
V  [libjvm.so+0xd82460]  JavaThread::thread_main_inner()+0xd0
V  [libjvm.so+0xd85a40]  Thread::call_run()+0xc0
V  [libjvm.so+0xbdb1e1]  thread_native_entry(Thread*)+0xe1

Register to memory mapping:

RAX=0x00007f7b68a34000 points into unknown readable memory: 0x0000000000000058 | 58 00 00 00 00 00 00 00
RBX=0x00007f7b69b2f398: <offset 0x0000000000ef5398> in /nix/store/gpxl5qgg8kicmcvivwmybwjlpf7wh20l-graalvm17-ce-22.3.0/lib/server/libjvm.so at 0x00007f7b68c3a000
RCX=0x00007f7b69ae71e8: <offset 0x0000000000ead1e8> in /nix/store/gpxl5qgg8kicmcvivwmybwjlpf7wh20l-graalvm17-ce-22.3.0/lib/server/libjvm.so at 0x00007f7b68c3a000
RDX=0x0000000000000649 is an unknown value
RSP=0x00007f7b48f16380 is pointing into the stack for thread: 0x00007f7b640b21e0
RBP=0x00007f7b48f163a0 is pointing into the stack for thread: 0x00007f7b640b21e0
RSI=0x00007f7b69b2fc48: <offset 0x0000000000ef5c48> in /nix/store/gpxl5qgg8kicmcvivwmybwjlpf7wh20l-graalvm17-ce-22.3.0/lib/server/libjvm.so at 0x00007f7b68c3a000
RDI=0x00000000e0000000 is an oop: java.lang.String 
{0x00000000e0000000} - klass: 'java/lang/String'
 - string: "resolution"
R8 =0x00007f7b69b2f398: <offset 0x0000000000ef5398> in /nix/store/gpxl5qgg8kicmcvivwmybwjlpf7wh20l-graalvm17-ce-22.3.0/lib/server/libjvm.so at 0x00007f7b68c3a000
R9 =0x00007f7b48f16330 is pointing into the stack for thread: 0x00007f7b640b21e0
R10=0x00007f7b48f17948 is pointing into the stack for thread: 0x00007f7b640b21e0
R11=0x0000000000000293 is an unknown value
R12=0x0 is NULL
R13=0x00007f7b640b21e0 is a thread
R14=0x00007f7b64000b80 points into unknown readable memory: 0x00007f7b69d60a38 | 38 0a d6 69 7b 7f 00 00
R15=0x00007f7b69e6ee40: <offset 0x0000000001234e40> in /nix/store/gpxl5qgg8kicmcvivwmybwjlpf7wh20l-graalvm17-ce-22.3.0/lib/server/libjvm.so at 0x00007f7b68c3a000


Registers:
RAX=0x00007f7b68a34000, RBX=0x00007f7b69b2f398, RCX=0x00007f7b69ae71e8, RDX=0x0000000000000649
RSP=0x00007f7b48f16380, RBP=0x00007f7b48f163a0, RSI=0x00007f7b69b2fc48, RDI=0x00000000e0000000
R8 =0x00007f7b69b2f398, R9 =0x00007f7b48f16330, R10=0x00007f7b48f17948, R11=0x0000000000000293
R12=0x0000000000000000, R13=0x00007f7b640b21e0, R14=0x00007f7b64000b80, R15=0x00007f7b69e6ee40
RIP=0x00007f7b695ac714, EFLAGS=0x0000000000010206, CSGSFS=0x002b000000000033, ERR=0x0000000000000006
  TRAPNO=0x000000000000000e

Top of Stack: (sp=0x00007f7b48f16380)
0x00007f7b48f16380:   00007f7b48f16940 00007f7b640b21e0
0x00007f7b48f16390:   00007f7b683c58c8 0000000800c415a8
0x00007f7b48f163a0:   00007f7b48f16500 00007f7b695782fe
0x00007f7b48f163b0:   00007f7b48f163e0 00007f7b48f16440 

Instructions: (pc=0x00007f7b695ac714)
0x00007f7b695ac614:   30 e8 f6 cf e8 ff 4c 89 e7 e8 2e 48 d1 ff 84 db
0x00007f7b695ac624:   75 2a 4d 85 ed 74 04 4d 8b 6d 00 48 83 c4 08 44
0x00007f7b695ac634:   89 f9 4c 89 f2 4c 89 ee 5b 4c 89 e7 41 5c 41 5d
0x00007f7b695ac644:   41 5e 41 5f 5d e9 e2 47 d1 ff 66 90 48 83 c4 08
0x00007f7b695ac654:   5b 41 5c 41 5d 41 5e 41 5f 5d c3 90 31 d2 be 08
0x00007f7b695ac664:   00 00 00 4c 89 ff e8 b1 78 a3 ff 49 89 c5 e9 37
0x00007f7b695ac674:   ff ff ff 66 0f 1f 84 00 00 00 00 00 48 8b 7a 08
0x00007f7b695ac684:   e9 6d ff ff ff 0f 1f 80 00 00 00 00 e8 5b 48 0a
0x00007f7b695ac694:   00 84 c0 75 89 e9 6a ff ff ff 66 90 55 48 89 e5
0x00007f7b695ac6a4:   41 56 41 55 41 54 49 89 fc 53 48 89 f3 66 48 8d
0x00007f7b695ac6b4:   3d 27 5e 85 00 66 66 48 e8 df 43 8d ff 4c 8b 28
0x00007f7b695ac6c4:   8b 05 be 72 8a 00 85 c0 75 14 ba 01 00 00 00 48
0x00007f7b695ac6d4:   8d 0d ae 72 8a 00 f0 0f b1 11 85 c0 74 4e be c8
0x00007f7b695ac6e4:   00 00 00 4c 89 ef e8 01 0b 41 00 48 8d 05 12 ac
0x00007f7b695ac6f4:   85 00 49 89 d8 48 8d 0d e8 aa 53 00 ba 49 06 00
0x00007f7b695ac704:   00 48 8d 35 3c 35 58 00 bf 00 00 00 e0 48 8b 00
0x00007f7b695ac714:   c6 00 58 31 c0 e8 e2 91 c6 ff 5b 41 5c 41 5d 41
0x00007f7b695ac724:   5e 5d e9 55 34 26 00 0f 1f 44 00 00 48 8d 05 81
0x00007f7b695ac734:   a3 8b 00 48 89 df 4c 8b 30 e8 9e 43 8d ff 48 89
0x00007f7b695ac744:   de 48 89 c2 49 8b 06 4c 89 f7 ff 50 08 4c 89 f7
0x00007f7b695ac754:   e8 a7 5c 27 00 4d 85 e4 74 12 be 01 00 00 00 4c
0x00007f7b695ac764:   89 e7 e8 35 43 fc ff eb 82 0f 1f 00 be 01 00 00
0x00007f7b695ac774:   00 4c 89 ef e8 d3 fd ff ff e9 6d ff ff ff 66 66
0x00007f7b695ac784:   2e 0f 1f 84 00 00 00 00 00 0f 1f 00 55 48 89 e5
0x00007f7b695ac794:   41 57 41 56 41 55 41 54 53 48 81 ec 08 02 00 00
0x00007f7b695ac7a4:   64 48 8b 04 25 28 00 00 00 48 89 45 c8 8b 07 83
0x00007f7b695ac7b4:   f8 02 0f 84 11 04 00 00 4c 8b 6f 18 49 89 ff 49
0x00007f7b695ac7c4:   89 f4 4d 85 ed 74 14 4c 89 ef e8 5d 57 22 00 41
0x00007f7b695ac7d4:   8b 07 83 f8 02 0f 84 19 04 00 00 48 8d 1d 9a 06
0x00007f7b695ac7e4:   8a 00 4c 8d 35 0b 3c 58 00 eb 38 90 48 85 d2 7f
0x00007f7b695ac7f4:   0d 48 8d 05 b4 c0 85 00 48 83 38 00 7e 0e 41 8b
0x00007f7b695ac804:   77 2c 4c 89 f7 31 c0 e8 a0 b2 f7 ff 49 8b 7f 18 


Stack slot to memory mapping:
stack at sp + 0 slots: 0x00007f7b48f16940 is pointing into the stack for thread: 0x00007f7b640b21e0
stack at sp + 1 slots: 0x00007f7b640b21e0 is a thread
stack at sp + 2 slots: 0x00007f7b683c58c8 points into unknown readable memory: 0x6573001880c9ffff | ff ff c9 80 18 00 73 65
stack at sp + 3 slots: 0x0000000800c415a8 is a pointer to class: 
jdk.vm.ci.services.Services {0x0000000800c415a8}
 - instance size:     2
 - klass size:        65
 - access:            public final synchronized 
 - state:             fully_initialized
 - name:              'jdk/vm/ci/services/Services'
 - super:             'java/lang/Object'
 - sub:               
 - arrays:            NULL
 - methods:           Array<T>(0x00007f7b4983e660)
 - method ordering:   Array<T>(0x0000000800928960)
 - default_methods:   Array<T>(0x0000000000000000)
 - local interfaces:  Array<T>(0x00000008005ce810)
 - trans. interfaces: Array<T>(0x00000008005ce810)
 - constants:         constant pool [427] {0x00007f7b4983d5b8} for 'jdk/vm/ci/services/Services' cache=0x00007f7b4983f930
 - class loader data:  loader data: 0x00007f7b640283f0 of 'bootstrap'
 - source file:       'Services.java'
 - class annotations:       Array<T>(0x0000000000000000)
 - class type annotations:  Array<T>(0x0000000000000000)
 - field annotations:       Array<T>(0x0000000000000000)
 - field type annotations:  Array<T>(0x0000000000000000)
 - inner classes:     Array<T>(0x00007f7b4983f900)
 - nest members:     Array<T>(0x00007f7b4983f920)
 - permitted subclasses:     Array<T>(0x00000008005ce7a0)
 - java mirror:       a 'java/lang/Class'{0x00000000e0148c80} = 'jdk/vm/ci/services/Services'
 - vtable length      5  (start addr: 0x0000000800c41778)
 - itable length      2 (start addr: 0x0000000800c417a0)
 - ---- static fields (3 words):
 - public static final 'IS_BUILDING_NATIVE_IMAGE' 'Z' @128 
 - public static final 'IS_IN_NATIVE_IMAGE' 'Z' @129 
 - private static volatile 'savedProperties' 'Ljava/util/Map;' @112 
 - static final 'JVMCI_ENABLED' 'Z' @130 
 - private static final 'servicesCache' 'Ljava/util/Map;' @116 
 - private static final 'MAX_UNICODE_IN_UTF8_LENGTH' 'I' @120 
 - private static final 'MAX_UTF8_PROPERTY_STRING_LENGTH' 'I' @124 
 - ---- non-static fields (0 words):
 - non-static oop maps: 
stack at sp + 4 slots: 0x00007f7b48f16500 is pointing into the stack for thread: 0x00007f7b640b21e0
stack at sp + 5 slots: 0x00007f7b695782fe: <offset 0x000000000093e2fe> in /nix/store/gpxl5qgg8kicmcvivwmybwjlpf7wh20l-graalvm17-ce-22.3.0/lib/server/libjvm.so at 0x00007f7b68c3a000
stack at sp + 6 slots: 0x00007f7b48f163e0 is pointing into the stack for thread: 0x00007f7b640b21e0
stack at sp + 7 slots: 0x00007f7b48f16440 is pointing into the stack for thread: 0x00007f7b640b21e0


---------------  P R O C E S S  ---------------

Threads class SMR info:
_java_thread_list=0x00007f7acc0a9320, length=27, elements={
0x00007f7b64026690, 0x00007f7b640a64d0, 0x00007f7b640a7910, 0x00007f7b640ae050,
0x00007f7b640af400, 0x00007f7b640b07f0, 0x00007f7b640b21e0, 0x00007f7b640b36f0,
0x00007f7b640b4750, 0x00007f7b640d76a0, 0x00007f7b6411fce0, 0x00007f7b64342710,
0x00007f7b64374fb0, 0x00007f7b64377ad0, 0x00007f7b6462af70, 0x00007f7af8017050,
0x00007f7af82a0c00, 0x00007f7af83048e0, 0x00007f7ae80010d0, 0x00007f7af8484af0,
0x00007f7af85ef970, 0x00007f7b644a8590, 0x00007f7b641f3a10, 0x00007f7acc000ff0,
0x00007f7aec438030, 0x00007f7ad010b7c0, 0x00007f7ad01b5e60
}

Java Threads: ( => current thread )
  0x00007f7b64026690 JavaThread "main" [_thread_blocked, id=61, stack(0x00007f7b68a55000,0x00007f7b68b55000)]
  0x00007f7b640a64d0 JavaThread "Reference Handler" daemon [_thread_blocked, id=64, stack(0x00007f7b495fe000,0x00007f7b496fe000)]
  0x00007f7b640a7910 JavaThread "Finalizer" daemon [_thread_blocked, id=65, stack(0x00007f7b494fe000,0x00007f7b495fe000)]
  0x00007f7b640ae050 JavaThread "Signal Dispatcher" daemon [_thread_blocked, id=66, stack(0x00007f7b49118000,0x00007f7b49218000)]
  0x00007f7b640af400 JavaThread "Service Thread" daemon [_thread_blocked, id=67, stack(0x00007f7b49018000,0x00007f7b49118000)]
  0x00007f7b640b07f0 JavaThread "Monitor Deflation Thread" daemon [_thread_blocked, id=68, stack(0x00007f7b48f18000,0x00007f7b49018000)]
=>0x00007f7b640b21e0 JavaThread "JVMCI-native CompilerThread0" daemon [_thread_in_vm, id=69, stack(0x00007f7b48d18000,0x00007f7b48f18000)]
  0x00007f7b640b36f0 JavaThread "C1 CompilerThread0" daemon [_thread_blocked, id=70, stack(0x00007f7b48b18000,0x00007f7b48d18000)]
  0x00007f7b640b4750 JavaThread "Sweeper thread" daemon [_thread_blocked, id=71, stack(0x00007f7b48a18000,0x00007f7b48b18000)]
  0x00007f7b640d76a0 JavaThread "Common-Cleaner" daemon [_thread_blocked, id=72, stack(0x00007f7b48918000,0x00007f7b48a18000)]
  0x00007f7b6411fce0 JavaThread "Notification Thread" daemon [_thread_blocked, id=76, stack(0x00007f7b48818000,0x00007f7b48918000)]
  0x00007f7b64342710 JavaThread "Active Thread: Equinox Container: 241242e3-121a-4a30-bcfe-17d6748f70d9" [_thread_blocked, id=88, stack(0x00007f7b48500000,0x00007f7b48600000)]
  0x00007f7b64374fb0 JavaThread "Framework Event Dispatcher: Equinox Container: 241242e3-121a-4a30-bcfe-17d6748f70d9" daemon [_thread_blocked, id=89, stack(0x00007f7b48300000,0x00007f7b48400000)]
  0x00007f7b64377ad0 JavaThread "Start Level: Equinox Container: 241242e3-121a-4a30-bcfe-17d6748f70d9" daemon [_thread_blocked, id=90, stack(0x00007f7b48100000,0x00007f7b48200000)]
  0x00007f7b6462af70 JavaThread "Refresh Thread: Equinox Container: 241242e3-121a-4a30-bcfe-17d6748f70d9" daemon [_thread_blocked, id=91, stack(0x00007f7b10900000,0x00007f7b10a00000)]
  0x00007f7af8017050 JavaThread "SCR Component Actor" daemon [_thread_blocked, id=100, stack(0x00007f7b10700000,0x00007f7b10800000)]
  0x00007f7af82a0c00 JavaThread "Worker-JM" [_thread_blocked, id=110, stack(0x00007f7b10300000,0x00007f7b10400000)]
  0x00007f7af83048e0 JavaThread "Worker-0: Periodic workspace save." [_thread_blocked, id=111, stack(0x00007f7b10100000,0x00007f7b10200000)]
  0x00007f7ae80010d0 JavaThread "Worker-1" [_thread_blocked, id=112, stack(0x00007f7b0ff00000,0x00007f7b10000000)]
  0x00007f7af8484af0 JavaThread "Java indexing" daemon [_thread_blocked, id=113, stack(0x00007f7b0fd00000,0x00007f7b0fe00000)]
  0x00007f7af85ef970 JavaThread "Bundle File Closer" daemon [_thread_blocked, id=121, stack(0x00007f7b0fb00000,0x00007f7b0fc00000)]
  0x00007f7b644a8590 JavaThread "pool-3-thread-1" [_thread_blocked, id=123, stack(0x00007f7b0f900000,0x00007f7b0fa00000)]
  0x00007f7b641f3a10 JavaThread "pool-2-thread-1" [_thread_blocked, id=126, stack(0x00007f7b0f500000,0x00007f7b0f600000)]
  0x00007f7acc000ff0 JavaThread "Worker-3" [_thread_blocked, id=134, stack(0x00007f7b10500000,0x00007f7b10600000)]
  0x00007f7aec438030 JavaThread "Okio Watchdog" daemon [_thread_blocked, id=212, stack(0x00007f7b0ef00000,0x00007f7b0f000000)]
  0x00007f7ad010b7c0 JavaThread "Thread-14" [_thread_blocked, id=389, stack(0x00007f7b0f000000,0x00007f7b0f100000)]
  0x00007f7ad01b5e60 JavaThread "Thread-15" [_thread_blocked, id=438, stack(0x00007f7b0f200000,0x00007f7b0f300000)]

Other Threads:
  0x00007f7b640a1c10 VMThread "VM Thread" [stack: 0x00007f7b49700000,0x00007f7b49800000] [id=63] _threads_hazard_ptr=0x00007f7acc0a9320
  0x00007f7b64121680 WatcherThread [stack: 0x00007f7b48718000,0x00007f7b48818000] [id=77]
  0x00007f7b6403df30 GCTaskThread "GC Thread#0" [stack: 0x00007f7b68618000,0x00007f7b68718000] [id=62]

Threads with active compile tasks:
JVMCI-native CompilerThread0   634363 9530       4       java.lang.Thread::interrupted (23 bytes)

VM state: synchronizing (normal execution)

VM Mutex/Monitor currently owned by a thread:  ([mutex/lock_event])
[0x00007f7b64023840] Threads_lock - owner thread: 0x00007f7b640a1c10
[0x00007f7b64023ff0] Heap_lock - owner thread: 0x00007f7af8484af0

OutOfMemory and StackOverflow Exception counts:
OutOfMemoryError java_heap_errors=8
LinkageErrors=69

Heap address: 0x00000000e0000000, size: 512 MB, Compressed Oops mode: 32-bit

CDS archive(s) mapped at: [0x0000000800000000-0x0000000800bc8000-0x0000000800bc8000), size 12353536, SharedBaseAddress: 0x0000000800000000, ArchiveRelocationMode: 0.
Compressed class space mapped at: 0x0000000800c00000-0x0000000840c00000, reserved size: 1073741824
Narrow klass base: 0x0000000800000000, Narrow klass shift: 0, Narrow klass range: 0x100000000

GC Precious Log:
 CPUs: 8 total, 1 available
 Memory: 1024M
 Large Page Support: Disabled
 NUMA Support: Disabled
 Compressed Oops: Enabled (32-bit)
 Alignments: Space 512K, Generation 512K, Heap 2M
 Heap Min Capacity: 100M
 Heap Initial Capacity: 100M
 Heap Max Capacity: 512M
 Pre-touch: Disabled
 Parallel Workers: 1

Heap:
 PSYoungGen      total 48128K, used 33280K [0x00000000f5580000, 0x00000000f9500000, 0x0000000100000000)
  eden space 33280K, 100% used [0x00000000f5580000,0x00000000f7600000,0x00000000f7600000)
  from space 14848K, 0% used [0x00000000f8580000,0x00000000f8580000,0x00000000f9400000)
  to   space 15360K, 0% used [0x00000000f7600000,0x00000000f7600000,0x00000000f8500000)
 ParOldGen       total 349696K, used 349695K [0x00000000e0000000, 0x00000000f5580000, 0x00000000f5580000)
  object space 349696K, 99% used [0x00000000e0000000,0x00000000f557fcc8,0x00000000f5580000)
 Metaspace       used 61677K, committed 62848K, reserved 1105920K
  class space    used 6066K, committed 6528K, reserved 1048576K

Card table byte_map: [0x00007f7b68718000,0x00007f7b68819000] _byte_map_base: 0x00007f7b68018000

Marking Bits: (ParMarkBitMap*) 0x00007f7b69e684c0
 Begin Bits: [0x00007f7b4a4b3000, 0x00007f7b4acb3000)
 End Bits:   [0x00007f7b4acb3000, 0x00007f7b4b4b3000)

Polling page: 0x00007f7b68a32000

Metaspace:

Usage:
  Non-class:     54.31 MB used.
      Class:      5.92 MB used.
       Both:     60.23 MB used.

Virtual space:
  Non-class space:       56.00 MB reserved,      55.00 MB ( 98%) committed,  7 nodes.
      Class space:        1.00 GB reserved,       6.38 MB ( <1%) committed,  1 nodes.
             Both:        1.05 GB reserved,      61.38 MB (  6%) committed. 

Chunk freelists:
   Non-Class:  860.00 KB
       Class:  1.70 MB
        Both:  2.54 MB

MaxMetaspaceSize: unlimited
CompressedClassSpaceSize: 1.00 GB
Initial GC threshold: 21.00 MB
Current GC threshold: 102.31 MB
CDS: on
MetaspaceReclaimPolicy: balanced
 - commit_granule_bytes: 65536.
 - commit_granule_words: 8192.
 - virtual_space_node_default_size: 1048576.
 - enlarge_chunks_in_place: 1.
 - new_chunks_are_fully_committed: 0.
 - uncommit_free_chunks: 1.
 - use_allocation_guard: 0.
 - handle_deallocations: 1.


Internal statistics:

num_allocs_failed_limit: 6.
num_arena_births: 514.
num_arena_deaths: 154.
num_vsnodes_births: 8.
num_vsnodes_deaths: 0.
num_space_committed: 981.
num_space_uncommitted: 0.
num_chunks_returned_to_freelist: 216.
num_chunks_taken_from_freelist: 2931.
num_chunk_merges: 85.
num_chunk_splits: 1914.
num_chunks_enlarged: 1201.
num_purges: 4.
num_inconsistent_stats: 0.

CodeHeap 'non-profiled nmethods': size=120036Kb used=2600Kb max_used=2600Kb free=117435Kb
 bounds [0x00007f7b52f7a000, 0x00007f7b5320a000, 0x00007f7b5a4b3000]
CodeHeap 'profiled nmethods': size=120032Kb used=17029Kb max_used=17029Kb free=103002Kb
 bounds [0x00007f7b4ba42000, 0x00007f7b4caf2000, 0x00007f7b52f7a000]
CodeHeap 'non-nmethods': size=5692Kb used=1401Kb max_used=1406Kb free=4290Kb
 bounds [0x00007f7b4b4b3000, 0x00007f7b4b723000, 0x00007f7b4ba42000]
 total_blobs=8292 nmethods=7551 adapters=633
 compilation: enabled
              stopped_count=0, restarted_count=0
 full_count=0

JVMCI Events (20 events):
Event: 538.909 Thread 0x00007f7b640b21e0 destroyed JavaVM[4]@0x00007f7b0e99e340 for JVMCI runtime 0
Event: 538.909 Thread 0x00007f7b640b21e0 compacted oop handles in JVMCI runtime 0 from 94 to 94
Event: 538.909 Thread 0x00007f7b640b21e0 releasing handles for JVMCI runtime 0: oop handles=94, metadata handles={total=224, live=218, blocks=35}
Event: 538.909 Thread 0x00007f7b640b21e0 detached from JVMCI runtime 0
Event: 540.302 Thread 0x00007f7b640b21e0 attached to JVMCI runtime 0
Event: 540.304 Thread 0x00007f7b640b21e0 created JavaVM[5]@0x00007f7b0e99e340 for JVMCI runtime 0
Event: 540.304 Thread 0x00007f7b640b21e0 initializing JVMCI runtime 0
Event: 540.304 Thread 0x00007f7b640b21e0 done waiting for JavaVM references initialization in JVMCI runtime 0
Event: 571.055 Thread 0x00007f7b640b21e0 initialized JVMCI runtime 0
Event: 575.048 Thread 0x00007f7b640b21e0 detaching from JVMCI runtime 0: releasing idle compiler thread (0 other threads still attached)
Event: 575.048 Thread 0x00007f7b640b21e0 shutting down HotSpotJVMCIRuntime for JVMCI runtime 0
Event: 576.276 Thread 0x00007f7b640b21e0 shut down JVMCI runtime 0
Event: 577.467 Thread 0x00007f7b640b21e0 destroyed JavaVM[5]@0x00007f7b0e99e340 for JVMCI runtime 0
Event: 577.467 Thread 0x00007f7b640b21e0 compacted oop handles in JVMCI runtime 0 from 50 to 50
Event: 577.467 Thread 0x00007f7b640b21e0 releasing handles for JVMCI runtime 0: oop handles=50, metadata handles={total=96, live=83, blocks=35}
Event: 577.467 Thread 0x00007f7b640b21e0 detached from JVMCI runtime 0
Event: 587.980 Thread 0x00007f7b640b21e0 attached to JVMCI runtime 0
Event: 587.981 Thread 0x00007f7b640b21e0 created JavaVM[6]@0x00007f7b0e99e340 for JVMCI runtime 0
Event: 589.380 Thread 0x00007f7b640b21e0 initializing JVMCI runtime 0
Event: 589.380 Thread 0x00007f7b640b21e0 done waiting for JavaVM references initialization in JVMCI runtime 0

Compilation events (20 events):
Event: 487.643 Thread 0x00007f7b640b36f0 9523       3       com.sun.org.apache.xerces.internal.dom.NodeImpl::changed (8 bytes)
Event: 487.644 Thread 0x00007f7b640b36f0 nmethod 9523 0x00007f7b4cae2e10 code [0x00007f7b4cae2fc0, 0x00007f7b4cae3520]
Event: 494.699 Thread 0x00007f7b640b36f0 9525       3       jdk.xml.internal.XMLSecurityManager$NameMap::getOldName (18 bytes)
Event: 494.699 Thread 0x00007f7b640b36f0 nmethod 9525 0x00007f7b4cae3610 code [0x00007f7b4cae37c0, 0x00007f7b4cae3980]
Event: 494.748 Thread 0x00007f7b640b21e0 nmethod 9515 0x00007f7b53200310 code [0x00007f7b53200540, 0x00007f7b53201bc0]
Event: 494.748 Thread 0x00007f7b640b21e0 9524 %     4       sun.nio.fs.UnixPath::normalizeAndCheck @ 9 (75 bytes)
Event: 496.156 Thread 0x00007f7b640b21e0 nmethod 9524% 0x00007f7b53202690 code [0x00007f7b53202820, 0x00007f7b53202bc8]
Event: 496.156 Thread 0x00007f7b640b21e0 9520       4       org.eclipse.core.internal.preferences.StringPool::add (59 bytes)
Event: 514.655 Thread 0x00007f7b640b36f0 9526       3       org.eclipse.core.internal.jobs.JobQueue::enqueue (83 bytes)
Event: 514.656 Thread 0x00007f7b640b36f0 nmethod 9526 0x00007f7b4cae3a90 code [0x00007f7b4cae3ca0, 0x00007f7b4cae4200]
Event: 518.873 Thread 0x00007f7b640b21e0 nmethod 9520 0x00007f7b53202e10 code [0x00007f7b53202fc0, 0x00007f7b53203470]
Event: 518.873 Thread 0x00007f7b640b21e0 9516       4       java.lang.reflect.Field::getFieldAccessor (35 bytes)
Event: 529.867 Thread 0x00007f7b640b21e0 nmethod 9516 0x00007f7b53203790 code [0x00007f7b53203920, 0x00007f7b532039b0]
Event: 540.302 Thread 0x00007f7b640b21e0 9527       4       java.util.concurrent.locks.AbstractQueuedSynchronizer$ConditionObject::signal (34 bytes)
Event: 567.130 Thread 0x00007f7b640b36f0 9528       3       java.util.concurrent.locks.LockSupport::setBlocker (12 bytes)
Event: 567.131 Thread 0x00007f7b640b36f0 nmethod 9528 0x00007f7b4cae4410 code [0x00007f7b4cae45c0, 0x00007f7b4cae46e0]
Event: 573.762 Thread 0x00007f7b640b21e0 nmethod 9527 0x00007f7b53203c90 code [0x00007f7b53203e00, 0x00007f7b53203ee8]
Event: 576.276 Thread 0x00007f7b640b36f0 9529       1       org.eclipse.osgi.internal.framework.EquinoxContainer::getStorage (5 bytes)
Event: 577.467 Thread 0x00007f7b640b36f0 nmethod 9529 0x00007f7b53204010 code [0x00007f7b532041a0, 0x00007f7b53204270]
Event: 587.980 Thread 0x00007f7b640b21e0 9530       4       java.lang.Thread::interrupted (23 bytes)

GC Heap History (20 events):
Event: 621.061 GC heap before
{Heap before GC invocations=464 (full 405):
 PSYoungGen      total 48128K, used 33280K [0x00000000f5580000, 0x00000000f9500000, 0x0000000100000000)
  eden space 33280K, 100% used [0x00000000f5580000,0x00000000f7600000,0x00000000f7600000)
  from space 14848K, 0% used [0x00000000f8580000,0x00000000f8580000,0x00000000f9400000)
  to   space 15360K, 0% used [0x00000000f7600000,0x00000000f7600000,0x00000000f8500000)
 ParOldGen       total 349696K, used 349688K [0x00000000e0000000, 0x00000000f5580000, 0x00000000f5580000)
  object space 349696K, 99% used [0x00000000e0000000,0x00000000f557e2f0,0x00000000f5580000)
 Metaspace       used 61677K, committed 62848K, reserved 1105920K
  class space    used 6066K, committed 6528K, reserved 1048576K
}
Event: 622.393 GC heap after
{Heap after GC invocations=464 (full 405):
 PSYoungGen      total 48640K, used 33279K [0x00000000f5580000, 0x00000000f9500000, 0x0000000100000000)
  eden space 33280K, 99% used [0x00000000f5580000,0x00000000f75fffd0,0x00000000f7600000)
  from space 15360K, 0% used [0x00000000f7600000,0x00000000f7600000,0x00000000f8500000)
  to   space 14848K, 0% used [0x00000000f8580000,0x00000000f8580000,0x00000000f9400000)
 ParOldGen       total 349696K, used 349688K [0x00000000e0000000, 0x00000000f5580000, 0x00000000f5580000)
  object space 349696K, 99% used [0x00000000e0000000,0x00000000f557e2d8,0x00000000f5580000)
 Metaspace       used 61677K, committed 62848K, reserved 1105920K
  class space    used 6066K, committed 6528K, reserved 1048576K
}
Event: 622.396 GC heap before
{Heap before GC invocations=465 (full 406):
 PSYoungGen      total 48640K, used 33280K [0x00000000f5580000, 0x00000000f9500000, 0x0000000100000000)
  eden space 33280K, 100% used [0x00000000f5580000,0x00000000f7600000,0x00000000f7600000)
  from space 15360K, 0% used [0x00000000f7600000,0x00000000f7600000,0x00000000f8500000)
  to   space 14848K, 0% used [0x00000000f8580000,0x00000000f8580000,0x00000000f9400000)
 ParOldGen       total 349696K, used 349688K [0x00000000e0000000, 0x00000000f5580000, 0x00000000f5580000)
  object space 349696K, 99% used [0x00000000e0000000,0x00000000f557e2d8,0x00000000f5580000)
 Metaspace       used 61677K, committed 62848K, reserved 1105920K
  class space    used 6066K, committed 6528K, reserved 1048576K
}
Event: 623.676 GC heap after
{Heap after GC invocations=465 (full 406):
 PSYoungGen      total 48128K, used 33279K [0x00000000f5580000, 0x00000000f9500000, 0x0000000100000000)
  eden space 33280K, 99% used [0x00000000f5580000,0x00000000f75fffd0,0x00000000f7600000)
  from space 14848K, 0% used [0x00000000f8580000,0x00000000f8580000,0x00000000f9400000)
  to   space 15360K, 0% used [0x00000000f7600000,0x00000000f7600000,0x00000000f8500000)
 ParOldGen       total 349696K, used 349688K [0x00000000e0000000, 0x00000000f5580000, 0x00000000f5580000)
  object space 349696K, 99% used [0x00000000e0000000,0x00000000f557e2d8,0x00000000f5580000)
 Metaspace       used 61677K, committed 62848K, reserved 1105920K
  class space    used 6066K, committed 6528K, reserved 1048576K
}
Event: 623.676 GC heap before
{Heap before GC invocations=466 (full 407):
 PSYoungGen      total 48128K, used 33280K [0x00000000f5580000, 0x00000000f9500000, 0x0000000100000000)
  eden space 33280K, 100% used [0x00000000f5580000,0x00000000f7600000,0x00000000f7600000)
  from space 14848K, 0% used [0x00000000f8580000,0x00000000f8580000,0x00000000f9400000)
  to   space 15360K, 0% used [0x00000000f7600000,0x00000000f7600000,0x00000000f8500000)
 ParOldGen       total 349696K, used 349688K [0x00000000e0000000, 0x00000000f5580000, 0x00000000f5580000)
  object space 349696K, 99% used [0x00000000e0000000,0x00000000f557e2d8,0x00000000f5580000)
 Metaspace       used 61677K, committed 62848K, reserved 1105920K
  class space    used 6066K, committed 6528K, reserved 1048576K
}
Event: 625.068 GC heap after
{Heap after GC invocations=466 (full 407):
 PSYoungGen      total 48640K, used 33279K [0x00000000f5580000, 0x00000000f9500000, 0x0000000100000000)
  eden space 33280K, 99% used [0x00000000f5580000,0x00000000f75fffb0,0x00000000f7600000)
  from space 15360K, 0% used [0x00000000f7600000,0x00000000f7600000,0x00000000f8500000)
  to   space 14848K, 0% used [0x00000000f8580000,0x00000000f8580000,0x00000000f9400000)
 ParOldGen       total 349696K, used 349688K [0x00000000e0000000, 0x00000000f5580000, 0x00000000f5580000)
  object space 349696K, 99% used [0x00000000e0000000,0x00000000f557e2d8,0x00000000f5580000)
 Metaspace       used 61677K, committed 62848K, reserved 1105920K
  class space    used 6066K, committed 6528K, reserved 1048576K
}
Event: 625.068 GC heap before
{Heap before GC invocations=467 (full 408):
 PSYoungGen      total 48640K, used 33279K [0x00000000f5580000, 0x00000000f9500000, 0x0000000100000000)
  eden space 33280K, 99% used [0x00000000f5580000,0x00000000f75fffe8,0x00000000f7600000)
  from space 15360K, 0% used [0x00000000f7600000,0x00000000f7600000,0x00000000f8500000)
  to   space 14848K, 0% used [0x00000000f8580000,0x00000000f8580000,0x00000000f9400000)
 ParOldGen       total 349696K, used 349688K [0x00000000e0000000, 0x00000000f5580000, 0x00000000f5580000)
  object space 349696K, 99% used [0x00000000e0000000,0x00000000f557e2d8,0x00000000f5580000)
 Metaspace       used 61677K, committed 62848K, reserved 1105920K
  class space    used 6066K, committed 6528K, reserved 1048576K
}
Event: 626.350 GC heap after
{Heap after GC invocations=467 (full 408):
 PSYoungGen      total 48128K, used 33279K [0x00000000f5580000, 0x00000000f9500000, 0x0000000100000000)
  eden space 33280K, 99% used [0x00000000f5580000,0x00000000f75fff08,0x00000000f7600000)
  from space 14848K, 0% used [0x00000000f8580000,0x00000000f8580000,0x00000000f9400000)
  to   space 15360K, 0% used [0x00000000f7600000,0x00000000f7600000,0x00000000f8500000)
 ParOldGen       total 349696K, used 349688K [0x00000000e0000000, 0x00000000f5580000, 0x00000000f5580000)
  object space 349696K, 99% used [0x00000000e0000000,0x00000000f557e2d8,0x00000000f5580000)
 Metaspace       used 61677K, committed 62848K, reserved 1105920K
  class space    used 6066K, committed 6528K, reserved 1048576K
}
Event: 626.350 GC heap before
{Heap before GC invocations=468 (full 409):
 PSYoungGen      total 48128K, used 33279K [0x00000000f5580000, 0x00000000f9500000, 0x0000000100000000)
  eden space 33280K, 99% used [0x00000000f5580000,0x00000000f75fff28,0x00000000f7600000)
  from space 14848K, 0% used [0x00000000f8580000,0x00000000f8580000,0x00000000f9400000)
  to   space 15360K, 0% used [0x00000000f7600000,0x00000000f7600000,0x00000000f8500000)
 ParOldGen       total 349696K, used 349688K [0x00000000e0000000, 0x00000000f5580000, 0x00000000f5580000)
  object space 349696K, 99% used [0x00000000e0000000,0x00000000f557e2d8,0x00000000f5580000)
 Metaspace       used 61677K, committed 62848K, reserved 1105920K
  class space    used 6066K, committed 6528K, reserved 1048576K
}
Event: 627.726 GC heap after
{Heap after GC invocations=468 (full 409):
 PSYoungGen      total 48640K, used 33279K [0x00000000f5580000, 0x00000000f9500000, 0x0000000100000000)
  eden space 33280K, 99% used [0x00000000f5580000,0x00000000f75fff28,0x00000000f7600000)
  from space 15360K, 0% used [0x00000000f7600000,0x00000000f7600000,0x00000000f8500000)
  to   space 14848K, 0% used [0x00000000f8580000,0x00000000f8580000,0x00000000f9400000)
 ParOldGen       total 349696K, used 349688K [0x00000000e0000000, 0x00000000f5580000, 0x00000000f5580000)
  object space 349696K, 99% used [0x00000000e0000000,0x00000000f557e2d8,0x00000000f5580000)
 Metaspace       used 61677K, committed 62848K, reserved 1105920K
  class space    used 6066K, committed 6528K, reserved 1048576K
}
Event: 627.726 GC heap before
{Heap before GC invocations=469 (full 410):
 PSYoungGen      total 48640K, used 33280K [0x00000000f5580000, 0x00000000f9500000, 0x0000000100000000)
  eden space 33280K, 100% used [0x00000000f5580000,0x00000000f7600000,0x00000000f7600000)
  from space 15360K, 0% used [0x00000000f7600000,0x00000000f7600000,0x00000000f8500000)
  to   space 14848K, 0% used [0x00000000f8580000,0x00000000f8580000,0x00000000f9400000)
 ParOldGen       total 349696K, used 349693K [0x00000000e0000000, 0x00000000f5580000, 0x00000000f5580000)
  object space 349696K, 99% used [0x00000000e0000000,0x00000000f557f7d0,0x00000000f5580000)
 Metaspace       used 61677K, committed 62848K, reserved 1105920K
  class space    used 6066K, committed 6528K, reserved 1048576K
}
Event: 628.977 GC heap after
{Heap after GC invocations=469 (full 410):
 PSYoungGen      total 48128K, used 33279K [0x00000000f5580000, 0x00000000f9500000, 0x0000000100000000)
  eden space 33280K, 99% used [0x00000000f5580000,0x00000000f75ffd60,0x00000000f7600000)
  from space 14848K, 0% used [0x00000000f8580000,0x00000000f8580000,0x00000000f9400000)
  to   space 15360K, 0% used [0x00000000f7600000,0x00000000f7600000,0x00000000f8500000)
 ParOldGen       total 349696K, used 349690K [0x00000000e0000000, 0x00000000f5580000, 0x00000000f5580000)
  object space 349696K, 99% used [0x00000000e0000000,0x00000000f557ebb0,0x00000000f5580000)
 Metaspace       used 61677K, committed 62848K, reserved 1105920K
  class space    used 6066K, committed 6528K, reserved 1048576K
}
Event: 628.978 GC heap before
{Heap before GC invocations=470 (full 411):
 PSYoungGen      total 48128K, used 33280K [0x00000000f5580000, 0x00000000f9500000, 0x0000000100000000)
  eden space 33280K, 100% used [0x00000000f5580000,0x00000000f7600000,0x00000000f7600000)
  from space 14848K, 0% used [0x00000000f8580000,0x00000000f8580000,0x00000000f9400000)
  to   space 15360K, 0% used [0x00000000f7600000,0x00000000f7600000,0x00000000f8500000)
 ParOldGen       total 349696K, used 349690K [0x00000000e0000000, 0x00000000f5580000, 0x00000000f5580000)
  object space 349696K, 99% used [0x00000000e0000000,0x00000000f557ebb0,0x00000000f5580000)
 Metaspace       used 61677K, committed 62848K, reserved 1105920K
  class space    used 6066K, committed 6528K, reserved 1048576K
}
Event: 630.279 GC heap after
{Heap after GC invocations=470 (full 411):
 PSYoungGen      total 48640K, used 33278K [0x00000000f5580000, 0x00000000f9500000, 0x0000000100000000)
  eden space 33280K, 99% used [0x00000000f5580000,0x00000000f75ffb20,0x00000000f7600000)
  from space 15360K, 0% used [0x00000000f7600000,0x00000000f7600000,0x00000000f8500000)
  to   space 14848K, 0% used [0x00000000f8580000,0x00000000f8580000,0x00000000f9400000)
 ParOldGen       total 349696K, used 349690K [0x00000000e0000000, 0x00000000f5580000, 0x00000000f5580000)
  object space 349696K, 99% used [0x00000000e0000000,0x00000000f557ebb0,0x00000000f5580000)
 Metaspace       used 61677K, committed 62848K, reserved 1105920K
  class space    used 6066K, committed 6528K, reserved 1048576K
}
Event: 630.280 GC heap before
{Heap before GC invocations=471 (full 412):
 PSYoungGen      total 48640K, used 33278K [0x00000000f5580000, 0x00000000f9500000, 0x0000000100000000)
  eden space 33280K, 99% used [0x00000000f5580000,0x00000000f75ffb78,0x00000000f7600000)
  from space 15360K, 0% used [0x00000000f7600000,0x00000000f7600000,0x00000000f8500000)
  to   space 14848K, 0% used [0x00000000f8580000,0x00000000f8580000,0x00000000f9400000)
 ParOldGen       total 349696K, used 349690K [0x00000000e0000000, 0x00000000f5580000, 0x00000000f5580000)
  object space 349696K, 99% used [0x00000000e0000000,0x00000000f557ebb0,0x00000000f5580000)
 Metaspace       used 61677K, committed 62848K, reserved 1105920K
  class space    used 6066K, committed 6528K, reserved 1048576K
}
Event: 631.557 GC heap after
{Heap after GC invocations=471 (full 412):
 PSYoungGen      total 48128K, used 33278K [0x00000000f5580000, 0x00000000f9500000, 0x0000000100000000)
  eden space 33280K, 99% used [0x00000000f5580000,0x00000000f75ffb38,0x00000000f7600000)
  from space 14848K, 0% used [0x00000000f8580000,0x00000000f8580000,0x00000000f9400000)
  to   space 15360K, 0% used [0x00000000f7600000,0x00000000f7600000,0x00000000f8500000)
 ParOldGen       total 349696K, used 349690K [0x00000000e0000000, 0x00000000f5580000, 0x00000000f5580000)
  object space 349696K, 99% used [0x00000000e0000000,0x00000000f557ebb0,0x00000000f5580000)
 Metaspace       used 61677K, committed 62848K, reserved 1105920K
  class space    used 6066K, committed 6528K, reserved 1048576K
}
Event: 631.558 GC heap before
{Heap before GC invocations=472 (full 413):
 PSYoungGen      total 48128K, used 33280K [0x00000000f5580000, 0x00000000f9500000, 0x0000000100000000)
  eden space 33280K, 100% used [0x00000000f5580000,0x00000000f7600000,0x00000000f7600000)
  from space 14848K, 0% used [0x00000000f8580000,0x00000000f8580000,0x00000000f9400000)
  to   space 15360K, 0% used [0x00000000f7600000,0x00000000f7600000,0x00000000f8500000)
 ParOldGen       total 349696K, used 349695K [0x00000000e0000000, 0x00000000f5580000, 0x00000000f5580000)
  object space 349696K, 99% used [0x00000000e0000000,0x00000000f557fe90,0x00000000f5580000)
 Metaspace       used 61677K, committed 62848K, reserved 1105920K
  class space    used 6066K, committed 6528K, reserved 1048576K
}
Event: 632.817 GC heap after
{Heap after GC invocations=472 (full 413):
 PSYoungGen      total 48640K, used 33277K [0x00000000f5580000, 0x00000000f9500000, 0x0000000100000000)
  eden space 33280K, 99% used [0x00000000f5580000,0x00000000f75ff7a0,0x00000000f7600000)
  from space 15360K, 0% used [0x00000000f7600000,0x00000000f7600000,0x00000000f8500000)
  to   space 14848K, 0% used [0x00000000f8580000,0x00000000f8580000,0x00000000f9400000)
 ParOldGen       total 349696K, used 349694K [0x00000000e0000000, 0x00000000f5580000, 0x00000000f5580000)
  object space 349696K, 99% used [0x00000000e0000000,0x00000000f557fbf0,0x00000000f5580000)
 Metaspace       used 61677K, committed 62848K, reserved 1105920K
  class space    used 6066K, committed 6528K, reserved 1048576K
}
Event: 632.817 GC heap before
{Heap before GC invocations=473 (full 414):
 PSYoungGen      total 48640K, used 33277K [0x00000000f5580000, 0x00000000f9500000, 0x0000000100000000)
  eden space 33280K, 99% used [0x00000000f5580000,0x00000000f75ff7a0,0x00000000f7600000)
  from space 15360K, 0% used [0x00000000f7600000,0x00000000f7600000,0x00000000f8500000)
  to   space 14848K, 0% used [0x00000000f8580000,0x00000000f8580000,0x00000000f9400000)
 ParOldGen       total 349696K, used 349694K [0x00000000e0000000, 0x00000000f5580000, 0x00000000f5580000)
  object space 349696K, 99% used [0x00000000e0000000,0x00000000f557fbf0,0x00000000f5580000)
 Metaspace       used 61677K, committed 62848K, reserved 1105920K
  class space    used 6066K, committed 6528K, reserved 1048576K
}
Event: 634.207 GC heap after
{Heap after GC invocations=473 (full 414):
 PSYoungGen      total 48128K, used 33277K [0x00000000f5580000, 0x00000000f9500000, 0x0000000100000000)
  eden space 33280K, 99% used [0x00000000f5580000,0x00000000f75ff7a0,0x00000000f7600000)
  from space 14848K, 0% used [0x00000000f8580000,0x00000000f8580000,0x00000000f9400000)
  to   space 15360K, 0% used [0x00000000f7600000,0x00000000f7600000,0x00000000f8500000)
 ParOldGen       total 349696K, used 349694K [0x00000000e0000000, 0x00000000f5580000, 0x00000000f5580000)
  object space 349696K, 99% used [0x00000000e0000000,0x00000000f557fbf0,0x00000000f5580000)
 Metaspace       used 61677K, committed 62848K, reserved 1105920K
  class space    used 6066K, committed 6528K, reserved 1048576K
}

Dll operation events (9 events):
Event: 0.002 Loaded shared library /nix/store/gpxl5qgg8kicmcvivwmybwjlpf7wh20l-graalvm17-ce-22.3.0/lib/libjava.so
Event: 0.047 Loaded shared library /nix/store/gpxl5qgg8kicmcvivwmybwjlpf7wh20l-graalvm17-ce-22.3.0/lib/libjsvml.so
Event: 0.266 Loaded shared library /nix/store/gpxl5qgg8kicmcvivwmybwjlpf7wh20l-graalvm17-ce-22.3.0/lib/libnio.so
Event: 0.275 Loaded shared library /nix/store/gpxl5qgg8kicmcvivwmybwjlpf7wh20l-graalvm17-ce-22.3.0/lib/libjvmcicompiler.so
Event: 0.288 Loaded shared library /nix/store/gpxl5qgg8kicmcvivwmybwjlpf7wh20l-graalvm17-ce-22.3.0/lib/libzip.so
Event: 0.752 Loaded shared library /nix/store/gpxl5qgg8kicmcvivwmybwjlpf7wh20l-graalvm17-ce-22.3.0/lib/libjimage.so
Event: 1.184 Loaded shared library /nix/store/gpxl5qgg8kicmcvivwmybwjlpf7wh20l-graalvm17-ce-22.3.0/lib/libnet.so
Event: 4.559 Loaded shared library /home/runner/.cache/jdt-language-server/config/org.eclipse.equinox.launcher/org.eclipse.equinox.launcher.gtk.linux.x86_64_1.2.400.v20211117-0650/eclipse_11600.so
Event: 13.870 Loaded shared library /nix/store/gpxl5qgg8kicmcvivwmybwjlpf7wh20l-graalvm17-ce-22.3.0/lib/libextnet.so

Deoptimization events (20 events):
Event: 313.501 Thread 0x00007f7ad010b7c0 Uncommon trap: trap_request=0xffffff8f fr.pc=0x00007f7b5305eed2 relative=0x0000000000000972
Event: 313.501 Thread 0x00007f7ad010b7c0 Uncommon trap: reason=constraint action=none pc=0x00007f7b5305eed2 method=java.util.HashMap.putVal(ILjava/lang/Object;Ljava/lang/Object;ZZ)Ljava/lang/Object; @ 29 jvmci
Event: 313.501 Thread 0x00007f7ad010b7c0 DEOPT PACKING pc=0x00007f7b5305eed2 sp=0x00007f7b0f0fca90
Event: 313.501 Thread 0x00007f7ad010b7c0 DEOPT UNPACKING pc=0x00007f7b4b505325 sp=0x00007f7b0f0fbf30 mode 3
Event: 313.501 Thread 0x00007f7adc001290 Uncommon trap: trap_request=0xffffff8f fr.pc=0x00007f7b52ff7565 relative=0x0000000000000145
Event: 313.501 Thread 0x00007f7adc001290 Uncommon trap: reason=constraint action=none pc=0x00007f7b52ff7565 method=java.lang.AbstractStringBuilder.<init>(I)V @ 0 jvmci
Event: 314.891 Thread 0x00007f7adc001290 DEOPT PACKING pc=0x00007f7b52ff7565 sp=0x00007f7b0f7fe730
Event: 314.891 Thread 0x00007f7adc001290 DEOPT UNPACKING pc=0x00007f7b4b505325 sp=0x00007f7b0f7fdbc8 mode 3
Event: 325.190 Thread 0x00007f7af8484af0 Uncommon trap: trap_request=0xffffff8f fr.pc=0x00007f7b531e071f relative=0x00000000000011df
Event: 325.190 Thread 0x00007f7af8484af0 Uncommon trap: reason=constraint action=none pc=0x00007f7b531e071f method=org.eclipse.jdt.internal.core.index.DiskIndex.copyQueryResults(Lorg/eclipse/jdt/internal/compiler/util/HashtableOfObject;I)V @ 123 jvmci
Event: 325.190 Thread 0x00007f7af8484af0 DEOPT PACKING pc=0x00007f7b531e071f sp=0x00007f7b0fdfe530
Event: 325.190 Thread 0x00007f7af8484af0 DEOPT UNPACKING pc=0x00007f7b4b505325 sp=0x00007f7b0fdfda28 mode 3
Event: 331.677 Thread 0x00007f7af82a0c00 Uncommon trap: trap_request=0xffffff8f fr.pc=0x00007f7b53056af7 relative=0x00000000000000d7
Event: 331.677 Thread 0x00007f7af82a0c00 Uncommon trap: reason=constraint action=none pc=0x00007f7b53056af7 method=java.util.ArrayList.iterator()Ljava/util/Iterator; @ 0 jvmci
Event: 331.677 Thread 0x00007f7af82a0c00 DEOPT PACKING pc=0x00007f7b53056af7 sp=0x00007f7b103fe910
Event: 331.677 Thread 0x00007f7af82a0c00 DEOPT UNPACKING pc=0x00007f7b4b505325 sp=0x00007f7b103fddb8 mode 3
Event: 335.609 Thread 0x00007f7af83048e0 DEOPT PACKING pc=0x00007f7b531f2c2c sp=0x00007f7b101fd5d0
Event: 335.609 Thread 0x00007f7af83048e0 DEOPT UNPACKING pc=0x00007f7b4b505325 sp=0x00007f7b101fc9b0 mode 1
Event: 345.251 Thread 0x00007f7b640b21e0 DEOPT PACKING pc=0x00007f7b4ba72990 sp=0x00007f7b48f15f30
Event: 345.251 Thread 0x00007f7b640b21e0 DEOPT UNPACKING pc=0x00007f7b4b505325 sp=0x00007f7b48f15458 mode 0

Classes unloaded (20 events):
Event: 80.968 Thread 0x00007f7b640a1c10 Unloading class 0x0000000800ef1000 'jdk/internal/reflect/GeneratedConstructorAccessor8'
Event: 80.968 Thread 0x00007f7b640a1c10 Unloading class 0x0000000800d99000 'java/lang/invoke/LambdaForm$MH+0x0000000800d99000'
Event: 80.968 Thread 0x00007f7b640a1c10 Unloading class 0x0000000800d98c00 'java/lang/invoke/LambdaForm$MH+0x0000000800d98c00'
Event: 80.968 Thread 0x00007f7b640a1c10 Unloading class 0x0000000800d98800 'java/lang/invoke/LambdaForm$MH+0x0000000800d98800'
Event: 80.968 Thread 0x00007f7b640a1c10 Unloading class 0x0000000800d98400 'java/lang/invoke/LambdaForm$MH+0x0000000800d98400'
Event: 80.968 Thread 0x00007f7b640a1c10 Unloading class 0x0000000800d98000 'jdk/internal/reflect/GeneratedConstructorAccessor3'
Event: 80.969 Thread 0x00007f7b640a1c10 Unloading class 0x0000000800d06800 'java/lang/invoke/LambdaForm$MH+0x0000000800d06800'
Event: 80.969 Thread 0x00007f7b640a1c10 Unloading class 0x0000000800d06000 'java/lang/invoke/LambdaForm$MH+0x0000000800d06000'
Event: 80.969 Thread 0x00007f7b640a1c10 Unloading class 0x0000000800d05c00 'java/lang/invoke/LambdaForm$MH+0x0000000800d05c00'
Event: 80.969 Thread 0x00007f7b640a1c10 Unloading class 0x0000000800d05800 'java/lang/invoke/LambdaForm$MH+0x0000000800d05800'
Event: 80.969 Thread 0x00007f7b640a1c10 Unloading class 0x0000000800d05000 'java/lang/invoke/LambdaForm$MH+0x0000000800d05000'
Event: 80.969 Thread 0x00007f7b640a1c10 Unloading class 0x0000000800d04c00 'java/lang/invoke/LambdaForm$MH+0x0000000800d04c00'
Event: 80.969 Thread 0x00007f7b640a1c10 Unloading class 0x0000000800d04800 'java/lang/invoke/LambdaForm$MH+0x0000000800d04800'
Event: 80.969 Thread 0x00007f7b640a1c10 Unloading class 0x0000000800d04000 'java/lang/invoke/LambdaForm$MH+0x0000000800d04000'
Event: 80.969 Thread 0x00007f7b640a1c10 Unloading class 0x0000000800c1d000 'jdk/internal/reflect/GeneratedMethodAccessor5'
Event: 80.969 Thread 0x00007f7b640a1c10 Unloading class 0x0000000800c1cc00 'jdk/internal/reflect/GeneratedMethodAccessor4'
Event: 80.969 Thread 0x00007f7b640a1c10 Unloading class 0x0000000800c1c800 'jdk/internal/reflect/GeneratedMethodAccessor3'
Event: 80.969 Thread 0x00007f7b640a1c10 Unloading class 0x0000000800c1c400 'jdk/internal/reflect/GeneratedMethodAccessor2'
Event: 80.969 Thread 0x00007f7b640a1c10 Unloading class 0x0000000800c1c000 'jdk/internal/reflect/GeneratedMethodAccessor1'
Event: 80.969 Thread 0x00007f7b640a1c10 Unloading class 0x0000000800c01c00 'java/lang/invoke/LambdaForm$DMH+0x0000000800c01c00'

Classes redefined (0 events):
No events

Internal exceptions (20 events):
Event: 49.281 Thread 0x00007f7ad01b10e0 Exception <a 'java/lang/ArrayIndexOutOfBoundsException'{0x00000000f7df6ce0}: Index 133 out of bounds for length 133> (0x00000000f7df6ce0) 
thrown [src/hotspot/share/interpreter/interpreterRuntime.cpp, line 428]
Event: 55.352 Thread 0x00007f7ad01af5e0 Exception <a 'java/io/FileNotFoundException'{0x00000000f7ce7928}> (0x00000000f7ce7928) 
thrown [src/hotspot/share/prims/jni.cpp, line 516]
Event: 56.165 Thread 0x00007f7ad01af5e0 Exception <a 'java/lang/NoSuchMethodError'{0x00000000f6b2b3c8}: 'java.lang.Object java.lang.invoke.DirectMethodHandle$Holder.invokeStatic(java.lang.Object, int, java.lang.Object, java.lang.Object, java.lang.Object, java.lang.Object)'> (0x00000000f6b2b3c8) 
thrown [src/hotspot/share/interpreter/linkResolver.cpp, line 758]
Event: 56.166 Thread 0x00007f7ad01af5e0 Exception <a 'java/lang/NoSuchMethodError'{0x00000000f6b336e0}: 'java.lang.Object java.lang.invoke.DirectMethodHandle$Holder.newInvokeSpecial(java.lang.Object, int, java.lang.Object, java.lang.Object, java.lang.Object)'> (0x00000000f6b336e0) 
thrown [src/hotspot/share/interpreter/linkResolver.cpp, line 758]
Event: 56.166 Thread 0x00007f7ad010b7c0 Exception <a 'java/lang/NoSuchMethodError'{0x00000000f69b93f8}: 'java.lang.Object java.lang.invoke.DirectMethodHandle$Holder.newInvokeSpecial(java.lang.Object, int, java.lang.Object, java.lang.Object, java.lang.Object)'> (0x00000000f69b93f8) 
thrown [src/hotspot/share/interpreter/linkResolver.cpp, line 758]
Event: 56.353 Thread 0x00007f7ad010b7c0 Exception <a 'java/lang/NoSuchMethodError'{0x00000000f7202d60}: 'void java.lang.invoke.DirectMethodHandle$Holder.invokeSpecial(java.lang.Object, java.lang.Object, int)'> (0x00000000f7202d60) 
thrown [src/hotspot/share/interpreter/linkResolver.cpp, line 758]
Event: 56.950 Thread 0x00007f7ad01af5e0 Exception <a 'java/lang/NoSuchMethodError'{0x00000000f8658fe8}: 'int java.lang.invoke.DirectMethodHandle$Holder.invokeSpecialIFC(java.lang.Object, java.lang.Object, java.lang.Object, java.lang.Object)'> (0x00000000f8658fe8) 
thrown [src/hotspot/share/interpreter/linkResolver.cpp, line 758]
Event: 90.268 Thread 0x00007f7af8484af0 Exception <a 'java/lang/OutOfMemoryError'{0x00000000e00049d0}> (0x00000000e00049d0) 
thrown [src/hotspot/share/gc/shared/memAllocator.cpp, line 138]
Event: 90.268 Thread 0x00007f7af8484af0 Implicit null exception at 0x00007f7b5314fde6 to 0x00007f7b5314ffe6
Event: 310.697 Thread 0x00007f7ad010b7c0 Exception <a 'java/lang/OutOfMemoryError'{0x00000000e0004430}> (0x00000000e0004430) 
thrown [src/hotspot/share/gc/shared/memAllocator.cpp, line 138]
Event: 313.501 Thread 0x00007f7ad010b7c0 Implicit null exception at 0x00007f7b5305ec13 to 0x00007f7b5305eeb7
Event: 313.501 Thread 0x00007f7adc001290 Exception <a 'java/lang/OutOfMemoryError'{0x00000000e0004430}> (0x00000000e0004430) 
thrown [src/hotspot/share/gc/shared/memAllocator.cpp, line 138]
Event: 313.501 Thread 0x00007f7adc001290 Implicit null exception at 0x00007f7b52ff7537 to 0x00007f7b52ff754a
Event: 325.190 Thread 0x00007f7af8484af0 Exception <a 'java/lang/OutOfMemoryError'{0x00000000e0003e90}> (0x00000000e0003e90) 
thrown [src/hotspot/share/gc/shared/memAllocator.cpp, line 138]
Event: 325.190 Thread 0x00007f7af8484af0 Implicit null exception at 0x00007f7b531e0173 to 0x00007f7b531e0704
Event: 329.173 Thread 0x00007f7af82a0c00 Exception <a 'java/lang/OutOfMemoryError'{0x00000000e0003e90}> (0x00000000e0003e90) 
thrown [src/hotspot/share/gc/shared/memAllocator.cpp, line 138]
Event: 331.677 Thread 0x00007f7af82a0c00 Implicit null exception at 0x00007f7b53056ad8 to 0x00007f7b53056adc
Event: 331.677 Thread 0x00007f7adc001290 Exception <a 'java/lang/OutOfMemoryError'{0x00000000e00041b0}> (0x00000000e00041b0) 
thrown [src/hotspot/share/gc/shared/memAllocator.cpp, line 136]
Event: 335.609 Thread 0x00007f7af83048e0 Exception <a 'java/lang/OutOfMemoryError'{0x00000000e00041b0}> (0x00000000e00041b0) 
thrown [src/hotspot/share/gc/shared/memAllocator.cpp, line 136]
Event: 634.207 Thread 0x00007f7b640b21e0 Exception <a 'java/lang/OutOfMemoryError'{0x00000000e00041b0}> (0x00000000e00041b0) 
thrown [src/hotspot/share/gc/shared/memAllocator.cpp, line 136]

VM Operations (20 events):
Event: 619.696 Executing VM operation: ParallelGCFailedAllocation
Event: 621.061 Executing VM operation: ParallelGCFailedAllocation done
Event: 621.061 Executing VM operation: ParallelGCFailedAllocation
Event: 622.393 Executing VM operation: ParallelGCFailedAllocation done
Event: 622.393 Executing VM operation: ParallelGCFailedAllocation
Event: 623.676 Executing VM operation: ParallelGCFailedAllocation done
Event: 623.676 Executing VM operation: ParallelGCFailedAllocation
Event: 625.068 Executing VM operation: ParallelGCFailedAllocation done
Event: 625.068 Executing VM operation: ParallelGCFailedAllocation
Event: 626.350 Executing VM operation: ParallelGCFailedAllocation done
Event: 626.350 Executing VM operation: ParallelGCFailedAllocation
Event: 627.726 Executing VM operation: ParallelGCFailedAllocation done
Event: 627.726 Executing VM operation: ParallelGCFailedAllocation
Event: 628.977 Executing VM operation: ParallelGCFailedAllocation done
Event: 628.978 Executing VM operation: ParallelGCFailedAllocation
Event: 630.279 Executing VM operation: ParallelGCFailedAllocation done
Event: 630.279 Executing VM operation: ParallelGCFailedAllocation
Event: 631.557 Executing VM operation: ParallelGCFailedAllocation done
Event: 631.557 Executing VM operation: ParallelGCFailedAllocation
Event: 634.207 Executing VM operation: ParallelGCFailedAllocation done

Events (20 events):
Event: 83.276 Thread 0x00007f7ad010b7c0 Thread added: 0x00007f7ad010b7c0
Event: 83.276 Protecting memory [0x00007f7b0f000000,0x00007f7b0f004000] with protection modes 0
Event: 95.350 Thread 0x00007f7ab4003020 Thread exited: 0x00007f7ab4003020
Event: 97.873 Thread 0x00007f7ad01b5e60 Thread added: 0x00007f7ad01b5e60
Event: 97.876 Protecting memory [0x00007f7b0f200000,0x00007f7b0f204000] with protection modes 0
Event: 187.487 Thread 0x00007f7adc042cf0 Thread exited: 0x00007f7adc042cf0
Event: 232.563 Thread 0x00007f7aec001450 Thread exited: 0x00007f7aec001450
Event: 339.772 loading class java/io/InterruptedIOException
Event: 339.772 loading class java/io/InterruptedIOException done
Event: 339.772 loading class javax/net/ssl/SSLException
Event: 339.772 loading class java/lang/AssertionError
Event: 339.772 loading class javax/net/ssl/SSLException done
Event: 339.772 loading class java/lang/AssertionError done
Event: 339.772 Thread 0x00007f7aec001450 Thread added: 0x00007f7aec001450
Event: 339.772 Protecting memory [0x00007f7b0f300000,0x00007f7b0f304000] with protection modes 0
Event: 341.078 Thread 0x00007f7aec427300 Thread exited: 0x00007f7aec427300
Event: 341.079 Thread 0x00007f7ab4001dd0 Thread exited: 0x00007f7ab4001dd0
Event: 406.159 Thread 0x00007f7aec427e40 Thread exited: 0x00007f7aec427e40
Event: 409.878 Thread 0x00007f7aec001450 Thread exited: 0x00007f7aec001450
Event: 477.651 Thread 0x00007f7adc001290 Thread exited: 0x00007f7adc001290


Dynamic libraries:
e0000000-f5580000 rw-p 00000000 00:00 0 
f5580000-f9500000 rw-p 00000000 00:00 0 
f9500000-100000000 ---p 00000000 00:00 0 
800000000-800449000 rw-p 00001000 00:1969 4611686019135357769            /nix/store/gpxl5qgg8kicmcvivwmybwjlpf7wh20l-graalvm17-ce-22.3.0/lib/server/classes.jsa
800449000-800bc8000 r--p 0044a000 00:1969 4611686019135357769            /nix/store/gpxl5qgg8kicmcvivwmybwjlpf7wh20l-graalvm17-ce-22.3.0/lib/server/classes.jsa
800bc8000-800c00000 ---p 00000000 00:00 0 
800c00000-800c20000 rw-p 00000000 00:00 0 
800c20000-800c40000 rw-p 00000000 00:00 0 
800c40000-800cc0000 rw-p 00000000 00:00 0 
800cc0000-800d00000 rw-p 00000000 00:00 0 
800d00000-800dc0000 rw-p 00000000 00:00 0 
800dc0000-800e00000 rw-p 00000000 00:00 0 
800e00000-800f40000 rw-p 00000000 00:00 0 
800f40000-801000000 rw-p 00000000 00:00 0 
801000000-801260000 rw-p 00000000 00:00 0 
801260000-840c00000 ---p 00000000 00:00 0 
55ade81c4000-55ade81c5000 r-xp 00000000 00:1969 4611686019099417844      /nix/store/gpxl5qgg8kicmcvivwmybwjlpf7wh20l-graalvm17-ce-22.3.0/bin/.java-wrapped
55ade81c6000-55ade81c7000 r--p 00001000 00:1969 4611686019099417844      /nix/store/gpxl5qgg8kicmcvivwmybwjlpf7wh20l-graalvm17-ce-22.3.0/bin/.java-wrapped
55ade81c7000-55ade81c8000 rw-p 00002000 00:1969 4611686019099417844      /nix/store/gpxl5qgg8kicmcvivwmybwjlpf7wh20l-graalvm17-ce-22.3.0/bin/.java-wrapped
55ade81c8000-55ade81c9000 rw-p 00004000 00:1969 4611686019099417844      /nix/store/gpxl5qgg8kicmcvivwmybwjlpf7wh20l-graalvm17-ce-22.3.0/bin/.java-wrapped
55ade81c9000-55ade81ca000 rw-p 00005000 00:1969 4611686019099417844      /nix/store/gpxl5qgg8kicmcvivwmybwjlpf7wh20l-graalvm17-ce-22.3.0/bin/.java-wrapped
55ade9da2000-55ade9dea000 rw-p 00000000 00:00 0                          [heap]
7f7a8c000000-7f7a8c021000 rw-p 00000000 00:00 0 
7f7a8c021000-7f7a90000000 ---p 00000000 00:00 0 
7f7a90000000-7f7a90069000 rw-p 00000000 00:00 0 
7f7a90069000-7f7a94000000 ---p 00000000 00:00 0 
7f7a94000000-7f7a94021000 rw-p 00000000 00:00 0 
7f7a94021000-7f7a98000000 ---p 00000000 00:00 0 
7f7a98000000-7f7a98021000 rw-p 00000000 00:00 0 
7f7a98021000-7f7a9c000000 ---p 00000000 00:00 0 
7f7a9c000000-7f7a9c0dd000 rw-p 00000000 00:00 0 
7f7a9c0dd000-7f7aa0000000 ---p 00000000 00:00 0 
7f7aa0000000-7f7aa0039000 rw-p 00000000 00:00 0 
7f7aa0039000-7f7aa4000000 ---p 00000000 00:00 0 
7f7aa4000000-7f7aa4021000 rw-p 00000000 00:00 0 
7f7aa4021000-7f7aa8000000 ---p 00000000 00:00 0 
7f7aa8000000-7f7aa8021000 rw-p 00000000 00:00 0 
7f7aa8021000-7f7aac000000 ---p 00000000 00:00 0 
7f7aac000000-7f7aac021000 rw-p 00000000 00:00 0 
7f7aac021000-7f7ab0000000 ---p 00000000 00:00 0 
7f7ab0000000-7f7ab0021000 rw-p 00000000 00:00 0 
7f7ab0021000-7f7ab4000000 ---p 00000000 00:00 0 
7f7ab4000000-7f7ab4021000 rw-p 00000000 00:00 0 
7f7ab4021000-7f7ab8000000 ---p 00000000 00:00 0 
7f7aba4b3000-7f7ac4000000 r--s 00000000 00:1969 4611686019135192581      /nix/store/gpxl5qgg8kicmcvivwmybwjlpf7wh20l-graalvm17-ce-22.3.0/lib/modules
7f7ac4000000-7f7ac403d000 rw-p 00000000 00:00 0 
7f7ac403d000-7f7ac8000000 ---p 00000000 00:00 0 
7f7ac8000000-7f7ac8135000 rw-p 00000000 00:00 0 
7f7ac8135000-7f7acc000000 ---p 00000000 00:00 0 
7f7acc000000-7f7acc0f6000 rw-p 00000000 00:00 0 
7f7acc0f6000-7f7ad0000000 ---p 00000000 00:00 0 
7f7ad0000000-7f7ad01bf000 rw-p 00000000 00:00 0 
7f7ad01bf000-7f7ad4000000 ---p 00000000 00:00 0 
7f7ad4000000-7f7ad4021000 rw-p 00000000 00:00 0 
7f7ad4021000-7f7ad8000000 ---p 00000000 00:00 0 
7f7ad8000000-7f7ad8021000 rw-p 00000000 00:00 0 
7f7ad8021000-7f7adc000000 ---p 00000000 00:00 0 
7f7adc000000-7f7adc07a000 rw-p 00000000 00:00 0 
7f7adc07a000-7f7ae0000000 ---p 00000000 00:00 0 
7f7ae0000000-7f7ae005b000 rw-p 00000000 00:00 0 
7f7ae005b000-7f7ae4000000 ---p 00000000 00:00 0 
7f7ae4000000-7f7ae4021000 rw-p 00000000 00:00 0 
7f7ae4021000-7f7ae8000000 ---p 00000000 00:00 0 
7f7ae8000000-7f7ae82f4000 rw-p 00000000 00:00 0 
7f7ae82f4000-7f7aec000000 ---p 00000000 00:00 0 
7f7aec000000-7f7aec4fc000 rw-p 00000000 00:00 0 
7f7aec4fc000-7f7af0000000 ---p 00000000 00:00 0 
7f7af0000000-7f7af0021000 rw-p 00000000 00:00 0 
7f7af0021000-7f7af4000000 ---p 00000000 00:00 0 
7f7af4000000-7f7af4760000 rw-p 00000000 00:00 0 
7f7af4760000-7f7af4800000 ---p 00000000 00:00 0 
7f7af4800000-7f7af4b00000 rw-p 00000000 00:00 0 
7f7af4b00000-7f7af4ba0000 rw-p 00000000 00:00 0 
7f7af4ba0000-7f7af4c00000 ---p 00000000 00:00 0 
7f7af4c00000-7f7af4e40000 rw-p 00000000 00:00 0 
7f7af4e40000-7f7af5000000 rw-p 00000000 00:00 0 
7f7af5000000-7f7af5300000 rw-p 00000000 00:00 0 
7f7af5300000-7f7af5400000 rw-p 00000000 00:00 0 
7f7af5400000-7f7af5800000 rw-p 00000000 00:00 0 
7f7af5c00000-7f7af5cc0000 rw-p 00000000 00:00 0 
7f7af5cc0000-7f7af5d00000 rw-p 00000000 00:00 0 
7f7af5d00000-7f7af5f00000 rw-p 00000000 00:00 0 
7f7af5f00000-7f7af6100000 rw-p 00000000 00:00 0 
7f7af6100000-7f7af6200000 rw-p 00000000 00:00 0 
7f7af6200000-7f7af6400000 rw-p 00000000 00:00 0 
7f7af6800000-7f7af6900000 rw-p 00000000 00:00 0 
7f7af6900000-7f7af6a00000 rw-p 00000000 00:00 0 
7f7af6a00000-7f7af6f80000 rw-p 00000000 00:00 0 
7f7af6f80000-7f7af7000000 rw-p 00000000 00:00 0 
7f7af7400000-7f7af7500000 rw-p 00000000 00:00 0 
7f7af7500000-7f7af7600000 rw-p 00000000 00:00 0 
7f7af7600000-7f7af7900000 rw-p 00000000 00:00 0 
7f7af7900000-7f7af7a00000 rw-p 00000000 00:00 0 
7f7af7a00000-7f7af7c00000 rw-p 00000000 00:00 0 
7f7af8000000-7f7af88ba000 rw-p 00000000 00:00 0 
7f7af88ba000-7f7afc000000 ---p 00000000 00:00 0 
7f7afc000000-7f7afc022000 rw-p 00000000 00:00 0 
7f7afc022000-7f7b00000000 ---p 00000000 00:00 0 
7f7b00000000-7f7b00021000 rw-p 00000000 00:00 0 
7f7b00021000-7f7b04000000 ---p 00000000 00:00 0 
7f7b04000000-7f7b04021000 rw-p 00000000 00:00 0 
7f7b04021000-7f7b08000000 ---p 00000000 00:00 0 
7f7b08000000-7f7b08024000 rw-p 00000000 00:00 0 
7f7b08024000-7f7b0c000000 ---p 00000000 00:00 0 
7f7b0ca00000-7f7b0ca10000 r-xp 00000000 00:1962 377                      /home/runner/.cache/jdt-language-server/config/org.eclipse.equinox.launcher/org.eclipse.equinox.launcher.gtk.linux.x86_64_1.2.400.v20211117-0650/eclipse_11600.so
7f7b0ca10000-7f7b0cc0f000 ---p 00010000 00:1962 377                      /home/runner/.cache/jdt-language-server/config/org.eclipse.equinox.launcher/org.eclipse.equinox.launcher.gtk.linux.x86_64_1.2.400.v20211117-0650/eclipse_11600.so
7f7b0cc0f000-7f7b0cc10000 r--p 0000f000 00:1962 377                      /home/runner/.cache/jdt-language-server/config/org.eclipse.equinox.launcher/org.eclipse.equinox.launcher.gtk.linux.x86_64_1.2.400.v20211117-0650/eclipse_11600.so
7f7b0cc10000-7f7b0cc11000 rw-p 00010000 00:1962 377                      /home/runner/.cache/jdt-language-server/config/org.eclipse.equinox.launcher/org.eclipse.equinox.launcher.gtk.linux.x86_64_1.2.400.v20211117-0650/eclipse_11600.so
7f7b0dd00000-7f7b0de00000 ---p 00000000 00:00 0 
7f7b0de00000-7f7b0e3af000 r--p 01122000 00:1969 4611686019135190040      /nix/store/gpxl5qgg8kicmcvivwmybwjlpf7wh20l-graalvm17-ce-22.3.0/lib/libjvmcicompiler.so
7f7b0e3af000-7f7b0e500000 r--p 00000000 00:00 0 
7f7b0e500000-7f7b0e53d000 rw-p 00000000 00:00 0 
7f7b0e53d000-7f7b0ea5d000 rw-p 0185f000 00:1969 4611686019135190040      /nix/store/gpxl5qgg8kicmcvivwmybwjlpf7wh20l-graalvm17-ce-22.3.0/lib/libjvmcicompiler.so
7f7b0ea5d000-7f7b0ee44000 r--p 01d7f000 00:1969 4611686019135190040      /nix/store/gpxl5qgg8kicmcvivwmybwjlpf7wh20l-graalvm17-ce-22.3.0/lib/libjvmcicompiler.so
7f7b0ef00000-7f7b0ef04000 ---p 00000000 00:00 0 
7f7b0ef04000-7f7b0f000000 rw-p 00000000 00:00 0 
7f7b0f000000-7f7b0f004000 ---p 00000000 00:00 0 
7f7b0f004000-7f7b0f100000 rw-p 00000000 00:00 0 
7f7b0f100000-7f7b0f104000 ---p 00000000 00:00 0 
7f7b0f104000-7f7b0f200000 rw-p 00000000 00:00 0 
7f7b0f200000-7f7b0f204000 ---p 00000000 00:00 0 
7f7b0f204000-7f7b0f300000 rw-p 00000000 00:00 0 
7f7b0f300000-7f7b0f304000 ---p 00000000 00:00 0 
7f7b0f304000-7f7b0f400000 rw-p 00000000 00:00 0 
7f7b0f500000-7f7b0f504000 ---p 00000000 00:00 0 
7f7b0f504000-7f7b0f600000 rw-p 00000000 00:00 0 
7f7b0f600000-7f7b0f604000 ---p 00000000 00:00 0 
7f7b0f604000-7f7b0f700000 rw-p 00000000 00:00 0 
7f7b0f700000-7f7b0f704000 ---p 00000000 00:00 0 
7f7b0f704000-7f7b0f800000 rw-p 00000000 00:00 0 
7f7b0f900000-7f7b0f904000 ---p 00000000 00:00 0 
7f7b0f904000-7f7b0fa00000 rw-p 00000000 00:00 0 
7f7b0fb00000-7f7b0fb04000 ---p 00000000 00:00 0 
7f7b0fb04000-7f7b0fc00000 rw-p 00000000 00:00 0 
7f7b0fd00000-7f7b0fd04000 ---p 00000000 00:00 0 
7f7b0fd04000-7f7b0fe00000 rw-p 00000000 00:00 0 
7f7b0ff00000-7f7b0ff04000 ---p 00000000 00:00 0 
7f7b0ff04000-7f7b10000000 rw-p 00000000 00:00 0 
7f7b10000000-7f7b10004000 ---p 00000000 00:00 0 
7f7b10004000-7f7b10100000 rw-p 00000000 00:00 0 
7f7b10100000-7f7b10104000 ---p 00000000 00:00 0 
7f7b10104000-7f7b10200000 rw-p 00000000 00:00 0 
7f7b10300000-7f7b10304000 ---p 00000000 00:00 0 
7f7b10304000-7f7b10400000 rw-p 00000000 00:00 0 
7f7b10500000-7f7b10504000 ---p 00000000 00:00 0 
7f7b10504000-7f7b10600000 rw-p 00000000 00:00 0 
7f7b10600000-7f7b10604000 ---p 00000000 00:00 0 
7f7b10604000-7f7b10700000 rw-p 00000000 00:00 0 
7f7b10700000-7f7b10704000 ---p 00000000 00:00 0 
7f7b10704000-7f7b10800000 rw-p 00000000 00:00 0 
7f7b10800000-7f7b10804000 ---p 00000000 00:00 0 
7f7b10804000-7f7b10900000 rw-p 00000000 00:00 0 
7f7b10900000-7f7b10904000 ---p 00000000 00:00 0 
7f7b10904000-7f7b10a00000 rw-p 00000000 00:00 0 
7f7b11668000-7f7b11b00000 rw-p 00000000 00:00 0 
7f7b11c00000-7f7b13d6a000 r-xp 00000000 00:1969 4611686019135190040      /nix/store/gpxl5qgg8kicmcvivwmybwjlpf7wh20l-graalvm17-ce-22.3.0/lib/libjvmcicompiler.so
7f7b13d6a000-7f7b13f69000 ---p 0216a000 00:1969 4611686019135190040      /nix/store/gpxl5qgg8kicmcvivwmybwjlpf7wh20l-graalvm17-ce-22.3.0/lib/libjvmcicompiler.so
7f7b13f69000-7f7b13f6a000 r--p 02169000 00:1969 4611686019135190040      /nix/store/gpxl5qgg8kicmcvivwmybwjlpf7wh20l-graalvm17-ce-22.3.0/lib/libjvmcicompiler.so
7f7b13f6a000-7f7b13f6c000 rw-p 0216a000 00:1969 4611686019135190040      /nix/store/gpxl5qgg8kicmcvivwmybwjlpf7wh20l-graalvm17-ce-22.3.0/lib/libjvmcicompiler.so
7f7b13f6c000-7f7b13f6d000 rw-p 00000000 00:00 0 
7f7b13f6d000-7f7b13f72000 rw-p 023c3000 00:1969 4611686019135190040      /nix/store/gpxl5qgg8kicmcvivwmybwjlpf7wh20l-graalvm17-ce-22.3.0/lib/libjvmcicompiler.so
7f7b14000000-7f7b14021000 rw-p 00000000 00:00 0 
7f7b14021000-7f7b18000000 ---p 00000000 00:00 0 
7f7b18000000-7f7b18021000 rw-p 00000000 00:00 0 
7f7b18021000-7f7b1c000000 ---p 00000000 00:00 0 
7f7b1c000000-7f7b1c021000 rw-p 00000000 00:00 0 
7f7b1c021000-7f7b20000000 ---p 00000000 00:00 0 
7f7b20000000-7f7b20021000 rw-p 00000000 00:00 0 
7f7b20021000-7f7b24000000 ---p 00000000 00:00 0 
7f7b24000000-7f7b240d2000 rw-p 00000000 00:00 0 
7f7b240d2000-7f7b28000000 ---p 00000000 00:00 0 
7f7b28000000-7f7b28b91000 rw-p 00000000 00:00 0 
7f7b28b91000-7f7b2c000000 ---p 00000000 00:00 0 
7f7b2c000000-7f7b2c021000 rw-p 00000000 00:00 0 
7f7b2c021000-7f7b30000000 ---p 00000000 00:00 0 
7f7b30000000-7f7b30021000 rw-p 00000000 00:00 0 
7f7b30021000-7f7b34000000 ---p 00000000 00:00 0 
7f7b34000000-7f7b34021000 rw-p 00000000 00:00 0 
7f7b34021000-7f7b38000000 ---p 00000000 00:00 0 
7f7b38000000-7f7b38021000 rw-p 00000000 00:00 0 
7f7b38021000-7f7b3c000000 ---p 00000000 00:00 0 
7f7b3c000000-7f7b3c021000 rw-p 00000000 00:00 0 
7f7b3c021000-7f7b40000000 ---p 00000000 00:00 0 
7f7b40000000-7f7b40021000 rw-p 00000000 00:00 0 
7f7b40021000-7f7b44000000 ---p 00000000 00:00 0 
7f7b44000000-7f7b441d8000 rw-p 00000000 00:00 0 
7f7b441d8000-7f7b48004000 ---p 00000000 00:00 0 
7f7b48004000-7f7b48100000 rw-p 00000000 00:00 0 
7f7b48100000-7f7b48104000 ---p 00000000 00:00 0 
7f7b48104000-7f7b48200000 rw-p 00000000 00:00 0 
7f7b48200000-7f7b48204000 ---p 00000000 00:00 0 
7f7b48204000-7f7b48300000 rw-p 00000000 00:00 0 
7f7b48300000-7f7b48304000 ---p 00000000 00:00 0 
7f7b48304000-7f7b48400000 rw-p 00000000 00:00 0 
7f7b48400000-7f7b48404000 ---p 00000000 00:00 0 
7f7b48404000-7f7b48500000 rw-p 00000000 00:00 0 
7f7b48500000-7f7b48504000 ---p 00000000 00:00 0 
7f7b48504000-7f7b48600000 rw-p 00000000 00:00 0 
7f7b48616000-7f7b4861a000 ---p 00000000 00:00 0 
7f7b4861a000-7f7b48716000 rw-p 00000000 00:00 0 
7f7b48716000-7f7b48717000 ---p 00000000 00:00 0 
7f7b48717000-7f7b48818000 rw-p 00000000 00:00 0 
7f7b48818000-7f7b4881c000 ---p 00000000 00:00 0 
7f7b4881c000-7f7b48918000 rw-p 00000000 00:00 0 
7f7b48918000-7f7b4891c000 ---p 00000000 00:00 0 
7f7b4891c000-7f7b48a18000 rw-p 00000000 00:00 0 
7f7b48a18000-7f7b48a1c000 ---p 00000000 00:00 0 
7f7b48a1c000-7f7b48b18000 rw-p 00000000 00:00 0 
7f7b48b18000-7f7b48b1c000 ---p 00000000 00:00 0 
7f7b48b1c000-7f7b48d18000 rw-p 00000000 00:00 0 
7f7b48d18000-7f7b48d1c000 ---p 00000000 00:00 0 
7f7b48d1c000-7f7b48f18000 rw-p 00000000 00:00 0 
7f7b48f18000-7f7b48f1c000 ---p 00000000 00:00 0 
7f7b48f1c000-7f7b49018000 rw-p 00000000 00:00 0 
7f7b49018000-7f7b4901c000 ---p 00000000 00:00 0 
7f7b4901c000-7f7b49118000 rw-p 00000000 00:00 0 
7f7b49118000-7f7b4911c000 ---p 00000000 00:00 0 
7f7b4911c000-7f7b49218000 rw-p 00000000 00:00 0 
7f7b49218000-7f7b494fe000 r--p 00000000 00:15e2 28444448                 /usr/lib/locale/locale-archive
7f7b494fe000-7f7b49502000 ---p 00000000 00:00 0 
7f7b49502000-7f7b495fe000 rw-p 00000000 00:00 0 
7f7b495fe000-7f7b49602000 ---p 00000000 00:00 0 
7f7b49602000-7f7b496fe000 rw-p 00000000 00:00 0 
7f7b496fe000-7f7b496ff000 ---p 00000000 00:00 0 
7f7b496ff000-7f7b49c00000 rw-p 00000000 00:00 0 
7f7b49c00000-7f7b49f00000 rw-p 00000000 00:00 0 
7f7b49f00000-7f7b4a000000 rw-p 00000000 00:00 0 
7f7b4a0b9000-7f7b4a0bb000 r-xp 00000000 00:1969 4611686019135190017      /nix/store/gpxl5qgg8kicmcvivwmybwjlpf7wh20l-graalvm17-ce-22.3.0/lib/libextnet.so
7f7b4a0bb000-7f7b4a0bc000 r--p 00001000 00:1969 4611686019135190017      /nix/store/gpxl5qgg8kicmcvivwmybwjlpf7wh20l-graalvm17-ce-22.3.0/lib/libextnet.so
7f7b4a0bc000-7f7b4a0bd000 rw-p 00002000 00:1969 4611686019135190017      /nix/store/gpxl5qgg8kicmcvivwmybwjlpf7wh20l-graalvm17-ce-22.3.0/lib/libextnet.so
7f7b4a0bd000-7f7b4a0be000 rw-p 00004000 00:1969 4611686019135190017      /nix/store/gpxl5qgg8kicmcvivwmybwjlpf7wh20l-graalvm17-ce-22.3.0/lib/libextnet.so
7f7b4a0be000-7f7b4a0c2000 ---p 00000000 00:00 0 
7f7b4a0c2000-7f7b4a0e0000 rw-p 00000000 00:00 0 
7f7b4a0e0000-7f7b4a1ae000 r-xp 00000000 00:1969 4611686019135190036      /nix/store/gpxl5qgg8kicmcvivwmybwjlpf7wh20l-graalvm17-ce-22.3.0/lib/libjsvml.so
7f7b4a1ae000-7f7b4a1af000 r--p 000cd000 00:1969 4611686019135190036      /nix/store/gpxl5qgg8kicmcvivwmybwjlpf7wh20l-graalvm17-ce-22.3.0/lib/libjsvml.so
7f7b4a1af000-7f7b4a1b0000 rw-p 000ce000 00:1969 4611686019135190036      /nix/store/gpxl5qgg8kicmcvivwmybwjlpf7wh20l-graalvm17-ce-22.3.0/lib/libjsvml.so
7f7b4a1b0000-7f7b4b4b3000 rw-p 00000000 00:00 0 
7f7b4b4b3000-7f7b4b723000 rwxp 00000000 00:00 0 
7f7b4b723000-7f7b4ba42000 ---p 00000000 00:00 0 
7f7b4ba42000-7f7b4caf2000 rwxp 00000000 00:00 0 
7f7b4caf2000-7f7b52f7a000 ---p 00000000 00:00 0 
7f7b52f7a000-7f7b5320a000 rwxp 00000000 00:00 0 
7f7b5320a000-7f7b5a4b3000 ---p 00000000 00:00 0 
7f7b5a4b3000-7f7b64000000 r--s 00000000 00:1969 4611686019135192581      /nix/store/gpxl5qgg8kicmcvivwmybwjlpf7wh20l-graalvm17-ce-22.3.0/lib/modules
7f7b64000000-7f7b64640000 rw-p 00000000 00:00 0 
7f7b64640000-7f7b68000000 ---p 00000000 00:00 0 
7f7b68000000-7f7b68007000 r-xp 00000000 00:1969 4611686019135192580      /nix/store/gpxl5qgg8kicmcvivwmybwjlpf7wh20l-graalvm17-ce-22.3.0/lib/libzip.so
7f7b68007000-7f7b68008000 ---p 00007000 00:1969 4611686019135192580      /nix/store/gpxl5qgg8kicmcvivwmybwjlpf7wh20l-graalvm17-ce-22.3.0/lib/libzip.so
7f7b68008000-7f7b68009000 r--p 00007000 00:1969 4611686019135192580      /nix/store/gpxl5qgg8kicmcvivwmybwjlpf7wh20l-graalvm17-ce-22.3.0/lib/libzip.so
7f7b68009000-7f7b6800a000 rw-p 00008000 00:1969 4611686019135192580      /nix/store/gpxl5qgg8kicmcvivwmybwjlpf7wh20l-graalvm17-ce-22.3.0/lib/libzip.so
7f7b6800a000-7f7b6800c000 rw-p 0000b000 00:1969 4611686019135192580      /nix/store/gpxl5qgg8kicmcvivwmybwjlpf7wh20l-graalvm17-ce-22.3.0/lib/libzip.so
7f7b6800c000-7f7b68021000 r-xp 00000000 00:1969 4611686019135192570      /nix/store/gpxl5qgg8kicmcvivwmybwjlpf7wh20l-graalvm17-ce-22.3.0/lib/libnet.so
7f7b68021000-7f7b68022000 ---p 00015000 00:1969 4611686019135192570      /nix/store/gpxl5qgg8kicmcvivwmybwjlpf7wh20l-graalvm17-ce-22.3.0/lib/libnet.so
7f7b68022000-7f7b68023000 r--p 00015000 00:1969 4611686019135192570      /nix/store/gpxl5qgg8kicmcvivwmybwjlpf7wh20l-graalvm17-ce-22.3.0/lib/libnet.so
7f7b68023000-7f7b68024000 rw-p 00016000 00:1969 4611686019135192570      /nix/store/gpxl5qgg8kicmcvivwmybwjlpf7wh20l-graalvm17-ce-22.3.0/lib/libnet.so
7f7b68024000-7f7b68027000 rw-p 0001b000 00:1969 4611686019135192570      /nix/store/gpxl5qgg8kicmcvivwmybwjlpf7wh20l-graalvm17-ce-22.3.0/lib/libnet.so
7f7b68027000-7f7b6803a000 r-xp 00000000 00:1969 4611686019135192571      /nix/store/gpxl5qgg8kicmcvivwmybwjlpf7wh20l-graalvm17-ce-22.3.0/lib/libnio.so
7f7b6803a000-7f7b6803b000 r--p 00012000 00:1969 4611686019135192571      /nix/store/gpxl5qgg8kicmcvivwmybwjlpf7wh20l-graalvm17-ce-22.3.0/lib/libnio.so
7f7b6803b000-7f7b6803c000 rw-p 00013000 00:1969 4611686019135192571      /nix/store/gpxl5qgg8kicmcvivwmybwjlpf7wh20l-graalvm17-ce-22.3.0/lib/libnio.so
7f7b6803c000-7f7b68041000 rw-p 00019000 00:1969 4611686019135192571      /nix/store/gpxl5qgg8kicmcvivwmybwjlpf7wh20l-graalvm17-ce-22.3.0/lib/libnio.so
7f7b68041000-7f7b68616000 rw-p 00000000 00:00 0 
7f7b68616000-7f7b68617000 ---p 00000000 00:00 0 
7f7b68617000-7f7b687c2000 rw-p 00000000 00:00 0 
7f7b687c2000-7f7b687e3000 rw-p 00000000 00:00 0 
7f7b687e3000-7f7b68818000 ---p 00000000 00:00 0 
7f7b68818000-7f7b6881f000 rw-p 00000000 00:00 0 
7f7b6881f000-7f7b68904000 ---p 00000000 00:00 0 
7f7b68904000-7f7b68926000 rw-p 00000000 00:00 0 
7f7b68926000-7f7b689ef000 ---p 00000000 00:00 0 
7f7b689ef000-7f7b689f4000 rw-p 00000000 00:00 0 
7f7b689f4000-7f7b689fb000 ---p 00000000 00:00 0 
7f7b689fb000-7f7b68a1f000 r-xp 00000000 00:1969 4611686019135190028      /nix/store/gpxl5qgg8kicmcvivwmybwjlpf7wh20l-graalvm17-ce-22.3.0/lib/libjava.so
7f7b68a1f000-7f7b68a20000 ---p 00024000 00:1969 4611686019135190028      /nix/store/gpxl5qgg8kicmcvivwmybwjlpf7wh20l-graalvm17-ce-22.3.0/lib/libjava.so
7f7b68a20000-7f7b68a21000 r--p 00024000 00:1969 4611686019135190028      /nix/store/gpxl5qgg8kicmcvivwmybwjlpf7wh20l-graalvm17-ce-22.3.0/lib/libjava.so
7f7b68a21000-7f7b68a22000 rw-p 00025000 00:1969 4611686019135190028      /nix/store/gpxl5qgg8kicmcvivwmybwjlpf7wh20l-graalvm17-ce-22.3.0/lib/libjava.so
7f7b68a22000-7f7b68a23000 rw-p 00000000 00:00 0 
7f7b68a23000-7f7b68a2a000 rw-p 0002f000 00:1969 4611686019135190028      /nix/store/gpxl5qgg8kicmcvivwmybwjlpf7wh20l-graalvm17-ce-22.3.0/lib/libjava.so
7f7b68a2a000-7f7b68a32000 rw-s 00000000 00:807 374                       /tmp/hsperfdata_runner/51
7f7b68a32000-7f7b68a33000 ---p 00000000 00:00 0 
7f7b68a33000-7f7b68a34000 r--p 00000000 00:00 0 
7f7b68a34000-7f7b68a35000 rwxp 00000000 00:00 0 
7f7b68a35000-7f7b68a50000 r-xp 00000000 00:1969 4611686019135190032      /nix/store/gpxl5qgg8kicmcvivwmybwjlpf7wh20l-graalvm17-ce-22.3.0/lib/libjimage.so
7f7b68a50000-7f7b68a51000 ---p 0001b000 00:1969 4611686019135190032      /nix/store/gpxl5qgg8kicmcvivwmybwjlpf7wh20l-graalvm17-ce-22.3.0/lib/libjimage.so
7f7b68a51000-7f7b68a53000 r--p 0001b000 00:1969 4611686019135190032      /nix/store/gpxl5qgg8kicmcvivwmybwjlpf7wh20l-graalvm17-ce-22.3.0/lib/libjimage.so
7f7b68a53000-7f7b68a54000 rw-p 0001d000 00:1969 4611686019135190032      /nix/store/gpxl5qgg8kicmcvivwmybwjlpf7wh20l-graalvm17-ce-22.3.0/lib/libjimage.so
7f7b68a54000-7f7b68a55000 rw-p 00024000 00:1969 4611686019135190032      /nix/store/gpxl5qgg8kicmcvivwmybwjlpf7wh20l-graalvm17-ce-22.3.0/lib/libjimage.so
7f7b68a55000-7f7b68a59000 ---p 00000000 00:00 0 
7f7b68a59000-7f7b68b55000 rw-p 00000000 00:00 0 
7f7b68b55000-7f7b68b63000 r--p 00000000 00:1969 4611686019027979927      /nix/store/4nlgxhb09sdr51nc9hdm8az5b08vzkgx-glibc-2.35-163/lib/libm.so.6
7f7b68b63000-7f7b68bd6000 r-xp 0000e000 00:1969 4611686019027979927      /nix/store/4nlgxhb09sdr51nc9hdm8az5b08vzkgx-glibc-2.35-163/lib/libm.so.6
7f7b68bd6000-7f7b68c33000 r--p 00081000 00:1969 4611686019027979927      /nix/store/4nlgxhb09sdr51nc9hdm8az5b08vzkgx-glibc-2.35-163/lib/libm.so.6
7f7b68c33000-7f7b68c34000 r--p 000dd000 00:1969 4611686019027979927      /nix/store/4nlgxhb09sdr51nc9hdm8az5b08vzkgx-glibc-2.35-163/lib/libm.so.6
7f7b68c34000-7f7b68c35000 rw-p 000de000 00:1969 4611686019027979927      /nix/store/4nlgxhb09sdr51nc9hdm8az5b08vzkgx-glibc-2.35-163/lib/libm.so.6
7f7b68c35000-7f7b68c36000 r--p 00000000 00:1969 4611686019027979946      /nix/store/4nlgxhb09sdr51nc9hdm8az5b08vzkgx-glibc-2.35-163/lib/librt.so.1
7f7b68c36000-7f7b68c37000 r-xp 00001000 00:1969 4611686019027979946      /nix/store/4nlgxhb09sdr51nc9hdm8az5b08vzkgx-glibc-2.35-163/lib/librt.so.1
7f7b68c37000-7f7b68c38000 r--p 00002000 00:1969 4611686019027979946      /nix/store/4nlgxhb09sdr51nc9hdm8az5b08vzkgx-glibc-2.35-163/lib/librt.so.1
7f7b68c38000-7f7b68c39000 r--p 00002000 00:1969 4611686019027979946      /nix/store/4nlgxhb09sdr51nc9hdm8az5b08vzkgx-glibc-2.35-163/lib/librt.so.1
7f7b68c39000-7f7b68c3a000 rw-p 00003000 00:1969 4611686019027979946      /nix/store/4nlgxhb09sdr51nc9hdm8az5b08vzkgx-glibc-2.35-163/lib/librt.so.1
7f7b68c3a000-7f7b69d4d000 r-xp 00000000 00:1969 4611686019135360866      /nix/store/gpxl5qgg8kicmcvivwmybwjlpf7wh20l-graalvm17-ce-22.3.0/lib/server/libjvm.so
7f7b69d4d000-7f7b69d4e000 ---p 01113000 00:1969 4611686019135360866      /nix/store/gpxl5qgg8kicmcvivwmybwjlpf7wh20l-graalvm17-ce-22.3.0/lib/server/libjvm.so
7f7b69d4e000-7f7b69e03000 r--p 01113000 00:1969 4611686019135360866      /nix/store/gpxl5qgg8kicmcvivwmybwjlpf7wh20l-graalvm17-ce-22.3.0/lib/server/libjvm.so
7f7b69e03000-7f7b69e37000 rw-p 011c8000 00:1969 4611686019135360866      /nix/store/gpxl5qgg8kicmcvivwmybwjlpf7wh20l-graalvm17-ce-22.3.0/lib/server/libjvm.so
7f7b69e37000-7f7b69e93000 rw-p 00000000 00:00 0 
7f7b69e93000-7f7b69ebb000 r--p 00000000 00:1969 4611686019027979918      /nix/store/4nlgxhb09sdr51nc9hdm8az5b08vzkgx-glibc-2.35-163/lib/libc.so.6
7f7b69ebb000-7f7b6a031000 r-xp 00028000 00:1969 4611686019027979918      /nix/store/4nlgxhb09sdr51nc9hdm8az5b08vzkgx-glibc-2.35-163/lib/libc.so.6
7f7b6a031000-7f7b6a089000 r--p 0019e000 00:1969 4611686019027979918      /nix/store/4nlgxhb09sdr51nc9hdm8az5b08vzkgx-glibc-2.35-163/lib/libc.so.6
7f7b6a089000-7f7b6a08d000 r--p 001f6000 00:1969 4611686019027979918      /nix/store/4nlgxhb09sdr51nc9hdm8az5b08vzkgx-glibc-2.35-163/lib/libc.so.6
7f7b6a08d000-7f7b6a08f000 rw-p 001fa000 00:1969 4611686019027979918      /nix/store/4nlgxhb09sdr51nc9hdm8az5b08vzkgx-glibc-2.35-163/lib/libc.so.6
7f7b6a08f000-7f7b6a09e000 rw-p 00000000 00:00 0 
7f7b6a09e000-7f7b6a09f000 r--p 00000000 00:1969 4611686019027979923      /nix/store/4nlgxhb09sdr51nc9hdm8az5b08vzkgx-glibc-2.35-163/lib/libdl.so.2
7f7b6a09f000-7f7b6a0a0000 r-xp 00001000 00:1969 4611686019027979923      /nix/store/4nlgxhb09sdr51nc9hdm8az5b08vzkgx-glibc-2.35-163/lib/libdl.so.2
7f7b6a0a0000-7f7b6a0a1000 r--p 00002000 00:1969 4611686019027979923      /nix/store/4nlgxhb09sdr51nc9hdm8az5b08vzkgx-glibc-2.35-163/lib/libdl.so.2
7f7b6a0a1000-7f7b6a0a2000 r--p 00002000 00:1969 4611686019027979923      /nix/store/4nlgxhb09sdr51nc9hdm8az5b08vzkgx-glibc-2.35-163/lib/libdl.so.2
7f7b6a0a2000-7f7b6a0a3000 rw-p 00003000 00:1969 4611686019027979923      /nix/store/4nlgxhb09sdr51nc9hdm8az5b08vzkgx-glibc-2.35-163/lib/libdl.so.2
7f7b6a0a3000-7f7b6a0a4000 r--p 00000000 00:1969 4611686019027979942      /nix/store/4nlgxhb09sdr51nc9hdm8az5b08vzkgx-glibc-2.35-163/lib/libpthread.so.0
7f7b6a0a4000-7f7b6a0a5000 r-xp 00001000 00:1969 4611686019027979942      /nix/store/4nlgxhb09sdr51nc9hdm8az5b08vzkgx-glibc-2.35-163/lib/libpthread.so.0
7f7b6a0a5000-7f7b6a0a6000 r--p 00002000 00:1969 4611686019027979942      /nix/store/4nlgxhb09sdr51nc9hdm8az5b08vzkgx-glibc-2.35-163/lib/libpthread.so.0
7f7b6a0a6000-7f7b6a0a7000 r--p 00002000 00:1969 4611686019027979942      /nix/store/4nlgxhb09sdr51nc9hdm8az5b08vzkgx-glibc-2.35-163/lib/libpthread.so.0
7f7b6a0a7000-7f7b6a0a8000 rw-p 00003000 00:1969 4611686019027979942      /nix/store/4nlgxhb09sdr51nc9hdm8az5b08vzkgx-glibc-2.35-163/lib/libpthread.so.0
7f7b6a0a8000-7f7b6a0b6000 r-xp 00000000 00:1969 4611686019135190033      /nix/store/gpxl5qgg8kicmcvivwmybwjlpf7wh20l-graalvm17-ce-22.3.0/lib/libjli.so
7f7b6a0b6000-7f7b6a0b7000 ---p 0000e000 00:1969 4611686019135190033      /nix/store/gpxl5qgg8kicmcvivwmybwjlpf7wh20l-graalvm17-ce-22.3.0/lib/libjli.so
7f7b6a0b7000-7f7b6a0b8000 r--p 0000e000 00:1969 4611686019135190033      /nix/store/gpxl5qgg8kicmcvivwmybwjlpf7wh20l-graalvm17-ce-22.3.0/lib/libjli.so
7f7b6a0b8000-7f7b6a0b9000 rw-p 0000f000 00:1969 4611686019135190033      /nix/store/gpxl5qgg8kicmcvivwmybwjlpf7wh20l-graalvm17-ce-22.3.0/lib/libjli.so
7f7b6a0b9000-7f7b6a0ba000 rw-p 00012000 00:1969 4611686019135190033      /nix/store/gpxl5qgg8kicmcvivwmybwjlpf7wh20l-graalvm17-ce-22.3.0/lib/libjli.so
7f7b6a0ba000-7f7b6a0bd000 r--p 00000000 00:1969 4611686019106210071      /nix/store/026hln0aq1hyshaxsdvhg0kmcm6yf45r-zlib-1.2.13/lib/libz.so.1.2.13
7f7b6a0bd000-7f7b6a0cf000 r-xp 00003000 00:1969 4611686019106210071      /nix/store/026hln0aq1hyshaxsdvhg0kmcm6yf45r-zlib-1.2.13/lib/libz.so.1.2.13
7f7b6a0cf000-7f7b6a0d6000 r--p 00015000 00:1969 4611686019106210071      /nix/store/026hln0aq1hyshaxsdvhg0kmcm6yf45r-zlib-1.2.13/lib/libz.so.1.2.13
7f7b6a0d6000-7f7b6a0d7000 r--p 0001b000 00:1969 4611686019106210071      /nix/store/026hln0aq1hyshaxsdvhg0kmcm6yf45r-zlib-1.2.13/lib/libz.so.1.2.13
7f7b6a0d7000-7f7b6a0d8000 rw-p 0001c000 00:1969 4611686019106210071      /nix/store/026hln0aq1hyshaxsdvhg0kmcm6yf45r-zlib-1.2.13/lib/libz.so.1.2.13
7f7b6a0d8000-7f7b6a0da000 rw-p 00000000 00:00 0 
7f7b6a0da000-7f7b6a0de000 r--p 00000000 00:00 0                          [vvar]
7f7b6a0de000-7f7b6a0e0000 r-xp 00000000 00:00 0                          [vdso]
7f7b6a0e0000-7f7b6a0e2000 r--p 00000000 00:1969 4611686019027979912      /nix/store/4nlgxhb09sdr51nc9hdm8az5b08vzkgx-glibc-2.35-163/lib/ld-linux-x86-64.so.2
7f7b6a0e2000-7f7b6a109000 r-xp 00002000 00:1969 4611686019027979912      /nix/store/4nlgxhb09sdr51nc9hdm8az5b08vzkgx-glibc-2.35-163/lib/ld-linux-x86-64.so.2
7f7b6a109000-7f7b6a115000 r--p 00029000 00:1969 4611686019027979912      /nix/store/4nlgxhb09sdr51nc9hdm8az5b08vzkgx-glibc-2.35-163/lib/ld-linux-x86-64.so.2
7f7b6a115000-7f7b6a117000 r--p 00034000 00:1969 4611686019027979912      /nix/store/4nlgxhb09sdr51nc9hdm8az5b08vzkgx-glibc-2.35-163/lib/ld-linux-x86-64.so.2
7f7b6a117000-7f7b6a119000 rw-p 00036000 00:1969 4611686019027979912      /nix/store/4nlgxhb09sdr51nc9hdm8az5b08vzkgx-glibc-2.35-163/lib/ld-linux-x86-64.so.2
7fff25198000-7fff251bc000 rw-p 00000000 00:00 0                          [stack]
ffffffffff600000-ffffffffff601000 --xp 00000000 00:00 0                  [vsyscall]


VM Arguments:
jvm_args: -XX:ThreadPriorityPolicy=1 -XX:+UnlockExperimentalVMOptions -XX:+EnableJVMCIProduct -XX:JVMCIThreadsPerNativeLibraryRuntime=1 -XX:-UnlockExperimentalVMOptions -Declipse.application=org.eclipse.jdt.ls.core.id1 -Dosgi.bundles.defaultStartLevel=4 -Declipse.product=org.eclipse.jdt.ls.core.product -Dlog.level=ALL -Xverify:none -XX:+UseParallelGC -XX:GCTimeRatio=4 -XX:AdaptiveSizePolicyWeight=90 -Dsun.zip.disableMemoryMapping=true -Xmx512m -Xms100m 
java_command: /nix/store/m6gcpi1ii6rghy04cjwjddcavv7i90df-jdt-language-server-1.9.0/share/java/plugins/org.eclipse.equinox.launcher_1.6.400.v20210924-0641.jar --add-modules=ALL-SYSTEM --add-opens java.base/java.util=ALL-UNNAMED --add-opens java.base/java.lang=ALL-UNNAMED -configuration /home/runner/.cache/jdt-language-server/config -data /home/runner/.cache/jdt-language-server/data/home/runner/tablmnozenia
java_class_path (initial): /nix/store/m6gcpi1ii6rghy04cjwjddcavv7i90df-jdt-language-server-1.9.0/share/java/plugins/org.eclipse.equinox.launcher_1.6.400.v20210924-0641.jar
Launcher Type: SUN_STANDARD

[Global flags]
    uintx AdaptiveSizePolicyWeight                 = 90                                        {product} {command line}
     intx CICompilerCount                          = 2                                         {product} {ergonomic}
     bool EnableJVMCIProduct                       = true                                {JVMCI product} {jimage}
    uintx GCTimeRatio                              = 4                                         {product} {command line}
   size_t InitialHeapSize                          = 104857600                                 {product} {command line}
     uint JVMCIThreadsPerNativeLibraryRuntime      = 1                                   {JVMCI product} {jimage}
   size_t MaxHeapSize                              = 536870912                                 {product} {command line}
   size_t MaxNewSize                               = 178782208                                 {product} {ergonomic}
   size_t MinHeapDeltaBytes                        = 524288                                    {product} {ergonomic}
   size_t MinHeapSize                              = 104857600                                 {product} {command line}
   size_t NewSize                                  = 34603008                                  {product} {ergonomic}
    uintx NonNMethodCodeHeapSize                   = 5826188                                {pd product} {ergonomic}
    uintx NonProfiledCodeHeapSize                  = 122916026                              {pd product} {ergonomic}
   size_t OldSize                                  = 70254592                                  {product} {ergonomic}
    uintx ProfiledCodeHeapSize                     = 122916026                              {pd product} {ergonomic}
    uintx ReservedCodeCacheSize                    = 251658240                              {pd product} {ergonomic}
     bool SegmentedCodeCache                       = true                                      {product} {ergonomic}
   size_t SoftMaxHeapSize                          = 536870912                              {manageable} {ergonomic}
     intx ThreadPriorityPolicy                     = 1                                         {product} {jimage}
     bool UseCompressedClassPointers               = true                           {product lp64_product} {ergonomic}
     bool UseCompressedOops                        = true                           {product lp64_product} {ergonomic}
     bool UseParallelGC                            = true                                      {product} {command line}

Logging:
Log output configuration:
 #0: stdout all=warning uptime,level,tags
 #1: stderr all=off uptime,level,tags

Environment Variables:
JAVA_HOME=/nix/store/gpxl5qgg8kicmcvivwmybwjlpf7wh20l-graalvm17-ce-22.3.0
PATH=/nix/store/1d6ian3r8kdzspw8hacjhl3xkp40g1lj-binutils-wrapper-2.39/bin:/nix/store/dq0xwmsk1g0i2ayg6pb7y87na2knzylh-gcc-wrapper-11.3.0/bin:/nix/store/bap4d0lpcrhpwmpb8ayjcgkmvfj62lnq-bash-interactive-5.1-p16/bin:/nix/store/pr5n59mb4jzmfx6kanwxly0l07p861fg-patchelf-0.15.0/bin:/nix/store/1gf2flfqnpqbr1b4p4qz2f72y42bs56r-gcc-11.3.0/bin:/nix/store/57xv61c5zi8pphjbcwxxjlgc34p61ic9-glibc-2.35-163-bin/bin:/nix/store/a7gvj343m05j2s32xcnwr35v31ynlypr-coreutils-9.1/bin:/nix/store/039g378vc3pc3dvi9dzdlrd0i4q93qwf-binutils-2.39/bin:/nix/store/gpxl5qgg8kicmcvivwmybwjlpf7wh20l-graalvm17-ce-22.3.0/bin:/nix/store/6z9ag3ihc8mq2hzsw48lhbznvzny65nz-apache-maven-3.8.6/bin:/nix/store/m6gcpi1ii6rghy04cjwjddcavv7i90df-jdt-language-server-1.9.0/bin:/nix/store/84xs5alhs01zrbr4ywm05kxbjbp5590l-java-debug/bin:/nix/store/mydc6f4k2z73xlcz7ilif3v2lcaiqvza-findutils-4.9.0/bin:/nix/store/j9p3g8472iijd50vhdprx0nmk2fqn5gv-diffutils-3.8/bin:/nix/store/89zs7rms6x00xfq4dq6m7mjnhkr8a6r4-gnused-4.8/bin:/nix/store/86bp03jkmsl6f92w0yzg4s59g5mhxwmy-gnugrep-3.7/bin:/nix/store/hwcdqw4jrjnd37wxqgsd47hd0j8bnj09-gawk-5.1.1/bin:/nix/store/cfbhw8r8ags41vwqaz47r583d0p4h4a1-gnutar-1.34/bin:/nix/store/p3m1ndl1lapwrlh698bnb5lvvxh67378-gzip-1.12/bin:/nix/store/a8mhcagrsly7c7mpjrpsnaahk4aax056-bzip2-1.0.8-bin/bin:/nix/store/mblgz65m3zv9x548a3d5m96fj2pbwr09-gnumake-4.3/bin:/nix/store/dsd5gz46hdbdk2rfdimqddhq6m8m8fqs-bash-5.1-p16/bin:/nix/store/v7ljksji50mg3w61dykaa3n3y79n6nil-patch-2.7.6/bin:/nix/store/zlcnmqq14jz5x9439jf937mvayyl63da-xz-5.2.7-bin/bin:/nix/store/y6aj732zm9m87c82fpvf103a1xb22blp-file-5.43/bin:/nix/store/i4kzir3m7mrisxmf5xvlnkw01x4qaqr4-prybar-elisp-0.0.0-e0d9a52/bin:/nix/store/lwwivxf6h7x3cvxp9zv8sj0mv7dak99r-prybar-lua-0.0.0-e0d9a52/bin:/nix/store/gxj28g1cg4hq3qanmjv07156h800qr58-prybar-python3-0.0.0-e0d9a52/bin:/nix/store/hshkjnxrgidigf8x75vg6lqng2xlx9i3-prybar-sqlite-0.0.0-e0d9a52/bin:/nix/store/c4w01bpjgyy5ixmwdk8m1pw87zq4sl26-prybar-tcl-0.0.0-e0d9a52/bin:/nix/store/hpbvrlwd5viqmvcaisb3x0118i913a9n-st
LD_LIBRARY_PATH=/nix/store/a4pff549sk2idnkpzk5nsfps3mdkdnvm-cups-2.4.2-lib/lib:/nix/store/72mqxxhh3cy5yifh92wh2yb8cl2hikyy-cairo-1.16.0/lib:/nix/store/2k366jrbsra97gjfxwvrhvixjfxdach5-glib-2.74.1/lib:/nix/store/2j2znigd8ak37rlwh9khz0ry3clqlw1l-gtk+3-3.24.34/lib:/nix/store/hisqvx32cd57apbpcsnkpx6k3549wql1-libglvnd-1.4.0/lib:/nix/store/p36pgcv991mq5srvg765b78yqpxvk3qs-mesa-21.3.3-drivers/lib:/nix/store/mav4251if1ahjq5vkpwycyyvnmy459c4-pulseaudio-14.2/lib
DISPLAY=:0
LANG=en_US.UTF-8

Signal Handlers:
   SIGSEGV: crash_handler in libjvm.so, mask=11100100010111111101111111111110, flags=SA_RESTART|SA_SIGINFO
    SIGBUS: crash_handler in libjvm.so, mask=11100100010111111101111111111110, flags=SA_RESTART|SA_SIGINFO
    SIGFPE: crash_handler in libjvm.so, mask=11100100010111111101111111111110, flags=SA_RESTART|SA_SIGINFO
   SIGPIPE: IsolateEnterStub_IgnoreSIGPIPEStartupHook_noopSignalHandler_8f19bff2f35b5f630d83b364d6b2339320d4ec70_216e8361c6bc87a8f89f58cc10d3b2fd4415bf87 in libjvmcicompiler.so, mask=00000000000000000000000000000000, flags=SA_RESTART
  *** Handler was modified!
  *** Expected: javaSignalHandler in libjvm.so, mask=11100100110111111111111111111110, flags=SA_RESTART|SA_SIGINFO
   SIGXFSZ: javaSignalHandler in libjvm.so, mask=11100100010111111101111111111110, flags=SA_RESTART|SA_SIGINFO
    SIGILL: crash_handler in libjvm.so, mask=11100100010111111101111111111110, flags=SA_RESTART|SA_SIGINFO
   SIGUSR2: SR_handler in libjvm.so, mask=00000000000000000000000000000000, flags=SA_RESTART|SA_SIGINFO
    SIGHUP: UserHandler in libjvm.so, mask=11100100010111111101111111111110, flags=SA_RESTART|SA_SIGINFO
    SIGINT: UserHandler in libjvm.so, mask=11100100010111111101111111111110, flags=SA_RESTART|SA_SIGINFO
   SIGTERM: UserHandler in libjvm.so, mask=11100100010111111101111111111110, flags=SA_RESTART|SA_SIGINFO
   SIGQUIT: UserHandler in libjvm.so, mask=11100100010111111101111111111110, flags=SA_RESTART|SA_SIGINFO
  *** Handler was modified!
  *** Expected: javaSignalHandler in libjvm.so, mask=11100100110111111111111111111110, flags=SA_RESTART|SA_SIGINFO
   SIGTRAP: crash_handler in libjvm.so, mask=11100100010111111101111111111110, flags=SA_RESTART|SA_SIGINFO


---------------  S Y S T E M  ---------------

OS:
DISTRIB_ID=Ubuntu
DISTRIB_RELEASE=20.04
DISTRIB_CODENAME=focal
DISTRIB_DESCRIPTION="Ubuntu 20.04.2 LTS"
uname: Linux 5.15.0-1031-gcp #38~20.04.1-Ubuntu SMP Sun Mar 12 04:47:58 UTC 2023 x86_64
OS uptime: 0 days 3:42 hours
libc: glibc 2.35 NPTL 2.35 
rlimit (soft/hard): STACK 8192k/infinity , CORE infinity/infinity , NPROC infinity/infinity , NOFILE 5242/5242 , AS infinity/infinity , CPU infinity/infinity , DATA infinity/infinity , FSIZE infinity/infinity , MEMLOCK 64k/64k
load average: 12.28 14.10 14.22

/proc/meminfo:
MemTotal:       65852712 kB
MemFree:        24062980 kB
MemAvailable:   44863588 kB
Buffers:         2635856 kB
Cached:         17054224 kB
SwapCached:            0 kB
Active:          7072984 kB
Inactive:       31014956 kB
Active(anon):      15284 kB
Inactive(anon): 18120328 kB
Active(file):    7057700 kB
Inactive(file): 12894628 kB
Unevictable:       42836 kB
Mlocked:           42836 kB
SwapTotal:             0 kB
SwapFree:              0 kB
Dirty:              1352 kB
Writeback:           324 kB
AnonPages:      17785116 kB
Mapped:          2000632 kB
Shmem:             25168 kB
KReclaimable:    1574880 kB
Slab:            2714024 kB
SReclaimable:    1574880 kB
SUnreclaim:      1139144 kB
KernelStack:      400296 kB
PageTables:       182248 kB
NFS_Unstable:          0 kB
Bounce:                0 kB
WritebackTmp:          0 kB
CommitLimit:    32926356 kB
Committed_AS:   66030744 kB
VmallocTotal:   34359738367 kB
VmallocUsed:      437044 kB
VmallocChunk:          0 kB
Percpu:            54624 kB
HardwareCorrupted:     0 kB
AnonHugePages:   3096576 kB
ShmemHugePages:        0 kB
ShmemPmdMapped:        0 kB
FileHugePages:         0 kB
FilePmdMapped:         0 kB
HugePages_Total:       0
HugePages_Free:        0
HugePages_Rsvd:        0
HugePages_Surp:        0
Hugepagesize:       2048 kB
Hugetlb:               0 kB
DirectMap4k:     4272960 kB
DirectMap2M:    38715392 kB
DirectMap1G:    26214400 kB

/sys/kernel/mm/transparent_hugepage/enabled: always [madvise] never
/sys/kernel/mm/transparent_hugepage/defrag (defrag/compaction efforts parameter): always defer defer+madvise [madvise] never

Process Memory:
Virtual Size: 5121112K (peak: 5152572K)
Resident Set Size: 767892K (peak: 801588K) (anon: 571736K, file: 196156K, shmem: 0K)
Swapped out: 0K
C-Heap outstanding allocations: 44424K, retained: 17243K
glibc malloc tunables: (default)

/proc/sys/kernel/threads-max (system-wide limit on the number of threads): 514406
/proc/sys/vm/max_map_count (maximum number of memory map areas a process may have): 65530
/proc/sys/kernel/pid_max (system-wide limit on number of process identifiers): 4194304

container (cgroup) information:
container_type: cgroupv1
cpu_cpuset_cpus: 2-7
cpu_memory_nodes: 0
active_processor_count: 1
cpu_quota: 50000
cpu_period: 100000
cpu_shares: 512
memory_limit_in_bytes: 1048576 k
memory_and_swap_limit_in_bytes: 1048576 k
memory_soft_limit_in_bytes: 524288 k
memory_usage_in_bytes: 955984 k
memory_max_usage_in_bytes: 1048576 k
maximum number of tasks: 1000
current number of tasks: 48

KVM virtualization detected
Steal ticks since vm start: 0
Steal ticks percentage since vm start:  0.000

CPU: total 8 (initial active 1) (8 cores per cpu, 2 threads per core) family 23 model 49 stepping 0 microcode 0xffffffff, cx8, cmov, fxsr, ht, mmx, 3dnowpref, sse, sse2, sse3, ssse3, sse4a, sse4.1, sse4.2, popcnt, lzcnt, tsc, tscinvbit, avx, avx2, aes, clmul, bmi1, bmi2, adx, sha, fma, vzeroupper, clflush, clflushopt, hv
CPU Model and flags from /proc/cpuinfo:
model name	: AMD EPYC 7B12
flags		: fpu vme de pse tsc msr pae mce cx8 apic sep mtrr pge mca cmov pat pse36 clflush mmx fxsr sse sse2 ht syscall nx mmxext fxsr_opt pdpe1gb rdtscp lm constant_tsc rep_good nopl nonstop_tsc cpuid extd_apicid tsc_known_freq pni pclmulqdq ssse3 fma cx16 sse4_1 sse4_2 movbe popcnt aes xsave avx f16c rdrand hypervisor lahf_lm cmp_legacy cr8_legacy abm sse4a misalignsse 3dnowprefetch osvw topoext ssbd ibrs ibpb stibp vmmcall fsgsbase tsc_adjust bmi1 avx2 smep bmi2 rdseed adx smap clflushopt clwb sha_ni xsaveopt xsavec xgetbv1 clzero xsaveerptr arat npt nrip_save umip rdpid

Online cpus: 0-7
Offline cpus: 
BIOS frequency limitation: <Not Available>
Frequency switch latency (ns): <Not Available>
Available cpu frequencies: <Not Available>
Current governor: <Not Available>
Core performance/turbo boost: <Not Available>

Memory: 4k page, physical 1048576k(92588k free), swap 0k(0k free)
Page Sizes: 4k

vm_info: OpenJDK 64-Bit Server VM (17.0.5+8-jvmci-22.3-b08) for linux-amd64 JRE (17.0.5+8-jvmci-22.3-b08), built on Oct 19 2022 09:01:27 by "buildslave" with gcc 10.3.0

END.
